The target system is: Linux - 1 - armv7-a
The host system is: Linux - 3.13.0-67-generic - x86_64
Determining if the include file pthread.h exists passed with the following output:
Change Dir: /home/aydinkim/clab/opencv-3.0.0-android/platforms/build_android_arm/CMakeFiles/CMakeTmp

Run Build Command:/usr/bin/make "cmTryCompileExec2197474039/fast"
/usr/bin/make -f CMakeFiles/cmTryCompileExec2197474039.dir/build.make CMakeFiles/cmTryCompileExec2197474039.dir/build
make[1]: Entering directory `/home/aydinkim/clab/opencv-3.0.0-android/platforms/build_android_arm/CMakeFiles/CMakeTmp'
/usr/bin/cmake -E cmake_progress_report /home/aydinkim/clab/opencv-3.0.0-android/platforms/build_android_arm/CMakeFiles/CMakeTmp/CMakeFiles 1
Building C object CMakeFiles/cmTryCompileExec2197474039.dir/CheckIncludeFile.c.o
/home/aydinkim/Android/Sdk/ndk-bundle/toolchains/arm-linux-androideabi-4.9/prebuilt/linux-x86_64/bin/arm-linux-androideabi-gcc  -DANDROID -fexceptions -fpic -Wno-psabi --sysroot=/home/aydinkim/Android/Sdk/ndk-bundle/platforms/android-8/arch-arm -funwind-tables -finline-limit=64 -fsigned-char -no-canonical-prefixes -march=armv7-a -mfloat-abi=softfp -mfpu=vfpv3-d16 -fdata-sections -ffunction-sections -Wa,--noexecstack    -fsigned-char -W -Wall -Werror=return-type -Werror=non-virtual-dtor -Werror=address -Werror=sequence-point -Wformat -Werror=format-security -Wmissing-declarations -Wmissing-prototypes -Wstrict-prototypes -Wundef -Winit-self -Wpointer-arith -Wshadow -Wno-narrowing -fdiagnostics-show-option -fomit-frame-pointer -fvisibility=hidden  -mthumb -fomit-frame-pointer -fno-strict-aliasing -O3 -DNDEBUG -fPIE -isystem /home/aydinkim/Android/Sdk/ndk-bundle/platforms/android-8/arch-arm/usr/include -isystem /home/aydinkim/Android/Sdk/ndk-bundle/sources/cxx-stl/gnu-libstdc++/4.9/include -isystem /home/aydinkim/Android/Sdk/ndk-bundle/sources/cxx-stl/gnu-libstdc++/4.9/libs/armeabi-v7a/include -isystem /home/aydinkim/Android/Sdk/ndk-bundle/sources/cxx-stl/gnu-libstdc++/4.9/include/backward    -o CMakeFiles/cmTryCompileExec2197474039.dir/CheckIncludeFile.c.o   -c /home/aydinkim/clab/opencv-3.0.0-android/platforms/build_android_arm/CMakeFiles/CMakeTmp/CheckIncludeFile.c
Linking C executable cmTryCompileExec2197474039
/usr/bin/cmake -E cmake_link_script CMakeFiles/cmTryCompileExec2197474039.dir/link.txt --verbose=1
/home/aydinkim/Android/Sdk/ndk-bundle/toolchains/arm-linux-androideabi-4.9/prebuilt/linux-x86_64/bin/arm-linux-androideabi-gcc  -fexceptions -fpic -Wno-psabi --sysroot=/home/aydinkim/Android/Sdk/ndk-bundle/platforms/android-8/arch-arm -funwind-tables -finline-limit=64 -fsigned-char -no-canonical-prefixes -march=armv7-a -mfloat-abi=softfp -mfpu=vfpv3-d16 -fdata-sections -ffunction-sections -Wa,--noexecstack    -fsigned-char -W -Wall -Werror=return-type -Werror=non-virtual-dtor -Werror=address -Werror=sequence-point -Wformat -Werror=format-security -Wmissing-declarations -Wmissing-prototypes -Wstrict-prototypes -Wundef -Winit-self -Wpointer-arith -Wshadow -Wno-narrowing -fdiagnostics-show-option -fomit-frame-pointer -fvisibility=hidden  -mthumb -fomit-frame-pointer -fno-strict-aliasing -O3 -DNDEBUG   -Wl,--fix-cortex-a8 -Wl,--no-undefined -Wl,--gc-sections -Wl,-z,noexecstack -Wl,-z,relro -Wl,-z,now -Wl,-z,nocopyreloc CMakeFiles/cmTryCompileExec2197474039.dir/CheckIncludeFile.c.o -o cmTryCompileExec2197474039  -L/libs/armeabi-v7a -rdynamic  "/home/aydinkim/Android/Sdk/ndk-bundle/sources/cxx-stl/gnu-libstdc++/4.9/libs/armeabi-v7a/libsupc++.a"
make[1]: Leaving directory `/home/aydinkim/clab/opencv-3.0.0-android/platforms/build_android_arm/CMakeFiles/CMakeTmp'


Determining if the include file sys/types.h exists passed with the following output:
Change Dir: /home/aydinkim/clab/opencv-3.0.0-android/platforms/build_android_arm/CMakeFiles/CMakeTmp

Run Build Command:/usr/bin/make "cmTryCompileExec1707688033/fast"
/usr/bin/make -f CMakeFiles/cmTryCompileExec1707688033.dir/build.make CMakeFiles/cmTryCompileExec1707688033.dir/build
make[1]: Entering directory `/home/aydinkim/clab/opencv-3.0.0-android/platforms/build_android_arm/CMakeFiles/CMakeTmp'
/usr/bin/cmake -E cmake_progress_report /home/aydinkim/clab/opencv-3.0.0-android/platforms/build_android_arm/CMakeFiles/CMakeTmp/CMakeFiles 1
Building C object CMakeFiles/cmTryCompileExec1707688033.dir/CheckIncludeFile.c.o
/home/aydinkim/Android/Sdk/ndk-bundle/toolchains/arm-linux-androideabi-4.9/prebuilt/linux-x86_64/bin/arm-linux-androideabi-gcc  -DANDROID -fexceptions -fpic -Wno-psabi --sysroot=/home/aydinkim/Android/Sdk/ndk-bundle/platforms/android-8/arch-arm -funwind-tables -finline-limit=64 -fsigned-char -no-canonical-prefixes -march=armv7-a -mfloat-abi=softfp -mfpu=vfpv3-d16 -fdata-sections -ffunction-sections -Wa,--noexecstack    -fsigned-char -W -Wall -Werror=return-type -Werror=non-virtual-dtor -Werror=address -Werror=sequence-point -Wformat -Werror=format-security -Wmissing-declarations -Wmissing-prototypes -Wstrict-prototypes -Wundef -Winit-self -Wpointer-arith -Wshadow -Wno-narrowing -fdiagnostics-show-option -fomit-frame-pointer -fvisibility=hidden  -mthumb -fomit-frame-pointer -fno-strict-aliasing -O3 -DNDEBUG -fPIE -isystem /home/aydinkim/Android/Sdk/ndk-bundle/platforms/android-8/arch-arm/usr/include -isystem /home/aydinkim/Android/Sdk/ndk-bundle/sources/cxx-stl/gnu-libstdc++/4.9/include -isystem /home/aydinkim/Android/Sdk/ndk-bundle/sources/cxx-stl/gnu-libstdc++/4.9/libs/armeabi-v7a/include -isystem /home/aydinkim/Android/Sdk/ndk-bundle/sources/cxx-stl/gnu-libstdc++/4.9/include/backward    -o CMakeFiles/cmTryCompileExec1707688033.dir/CheckIncludeFile.c.o   -c /home/aydinkim/clab/opencv-3.0.0-android/platforms/build_android_arm/CMakeFiles/CMakeTmp/CheckIncludeFile.c
Linking C executable cmTryCompileExec1707688033
/usr/bin/cmake -E cmake_link_script CMakeFiles/cmTryCompileExec1707688033.dir/link.txt --verbose=1
/home/aydinkim/Android/Sdk/ndk-bundle/toolchains/arm-linux-androideabi-4.9/prebuilt/linux-x86_64/bin/arm-linux-androideabi-gcc  -fexceptions -fpic -Wno-psabi --sysroot=/home/aydinkim/Android/Sdk/ndk-bundle/platforms/android-8/arch-arm -funwind-tables -finline-limit=64 -fsigned-char -no-canonical-prefixes -march=armv7-a -mfloat-abi=softfp -mfpu=vfpv3-d16 -fdata-sections -ffunction-sections -Wa,--noexecstack    -fsigned-char -W -Wall -Werror=return-type -Werror=non-virtual-dtor -Werror=address -Werror=sequence-point -Wformat -Werror=format-security -Wmissing-declarations -Wmissing-prototypes -Wstrict-prototypes -Wundef -Winit-self -Wpointer-arith -Wshadow -Wno-narrowing -fdiagnostics-show-option -fomit-frame-pointer -fvisibility=hidden  -mthumb -fomit-frame-pointer -fno-strict-aliasing -O3 -DNDEBUG   -Wl,--fix-cortex-a8 -Wl,--no-undefined -Wl,--gc-sections -Wl,-z,noexecstack -Wl,-z,relro -Wl,-z,now -Wl,-z,nocopyreloc CMakeFiles/cmTryCompileExec1707688033.dir/CheckIncludeFile.c.o -o cmTryCompileExec1707688033  -L/libs/armeabi-v7a -rdynamic  "/home/aydinkim/Android/Sdk/ndk-bundle/sources/cxx-stl/gnu-libstdc++/4.9/libs/armeabi-v7a/libsupc++.a"
make[1]: Leaving directory `/home/aydinkim/clab/opencv-3.0.0-android/platforms/build_android_arm/CMakeFiles/CMakeTmp'


Determining if the include file stdint.h exists passed with the following output:
Change Dir: /home/aydinkim/clab/opencv-3.0.0-android/platforms/build_android_arm/CMakeFiles/CMakeTmp

Run Build Command:/usr/bin/make "cmTryCompileExec2978751569/fast"
/usr/bin/make -f CMakeFiles/cmTryCompileExec2978751569.dir/build.make CMakeFiles/cmTryCompileExec2978751569.dir/build
make[1]: Entering directory `/home/aydinkim/clab/opencv-3.0.0-android/platforms/build_android_arm/CMakeFiles/CMakeTmp'
/usr/bin/cmake -E cmake_progress_report /home/aydinkim/clab/opencv-3.0.0-android/platforms/build_android_arm/CMakeFiles/CMakeTmp/CMakeFiles 1
Building C object CMakeFiles/cmTryCompileExec2978751569.dir/CheckIncludeFile.c.o
/home/aydinkim/Android/Sdk/ndk-bundle/toolchains/arm-linux-androideabi-4.9/prebuilt/linux-x86_64/bin/arm-linux-androideabi-gcc  -DANDROID -fexceptions -fpic -Wno-psabi --sysroot=/home/aydinkim/Android/Sdk/ndk-bundle/platforms/android-8/arch-arm -funwind-tables -finline-limit=64 -fsigned-char -no-canonical-prefixes -march=armv7-a -mfloat-abi=softfp -mfpu=vfpv3-d16 -fdata-sections -ffunction-sections -Wa,--noexecstack    -fsigned-char -W -Wall -Werror=return-type -Werror=non-virtual-dtor -Werror=address -Werror=sequence-point -Wformat -Werror=format-security -Wmissing-declarations -Wmissing-prototypes -Wstrict-prototypes -Wundef -Winit-self -Wpointer-arith -Wshadow -Wno-narrowing -fdiagnostics-show-option -fomit-frame-pointer -fvisibility=hidden  -mthumb -fomit-frame-pointer -fno-strict-aliasing -O3 -DNDEBUG -fPIE -isystem /home/aydinkim/Android/Sdk/ndk-bundle/platforms/android-8/arch-arm/usr/include -isystem /home/aydinkim/Android/Sdk/ndk-bundle/sources/cxx-stl/gnu-libstdc++/4.9/include -isystem /home/aydinkim/Android/Sdk/ndk-bundle/sources/cxx-stl/gnu-libstdc++/4.9/libs/armeabi-v7a/include -isystem /home/aydinkim/Android/Sdk/ndk-bundle/sources/cxx-stl/gnu-libstdc++/4.9/include/backward    -o CMakeFiles/cmTryCompileExec2978751569.dir/CheckIncludeFile.c.o   -c /home/aydinkim/clab/opencv-3.0.0-android/platforms/build_android_arm/CMakeFiles/CMakeTmp/CheckIncludeFile.c
Linking C executable cmTryCompileExec2978751569
/usr/bin/cmake -E cmake_link_script CMakeFiles/cmTryCompileExec2978751569.dir/link.txt --verbose=1
/home/aydinkim/Android/Sdk/ndk-bundle/toolchains/arm-linux-androideabi-4.9/prebuilt/linux-x86_64/bin/arm-linux-androideabi-gcc  -fexceptions -fpic -Wno-psabi --sysroot=/home/aydinkim/Android/Sdk/ndk-bundle/platforms/android-8/arch-arm -funwind-tables -finline-limit=64 -fsigned-char -no-canonical-prefixes -march=armv7-a -mfloat-abi=softfp -mfpu=vfpv3-d16 -fdata-sections -ffunction-sections -Wa,--noexecstack    -fsigned-char -W -Wall -Werror=return-type -Werror=non-virtual-dtor -Werror=address -Werror=sequence-point -Wformat -Werror=format-security -Wmissing-declarations -Wmissing-prototypes -Wstrict-prototypes -Wundef -Winit-self -Wpointer-arith -Wshadow -Wno-narrowing -fdiagnostics-show-option -fomit-frame-pointer -fvisibility=hidden  -mthumb -fomit-frame-pointer -fno-strict-aliasing -O3 -DNDEBUG   -Wl,--fix-cortex-a8 -Wl,--no-undefined -Wl,--gc-sections -Wl,-z,noexecstack -Wl,-z,relro -Wl,-z,now -Wl,-z,nocopyreloc CMakeFiles/cmTryCompileExec2978751569.dir/CheckIncludeFile.c.o -o cmTryCompileExec2978751569  -L/libs/armeabi-v7a -rdynamic  "/home/aydinkim/Android/Sdk/ndk-bundle/sources/cxx-stl/gnu-libstdc++/4.9/libs/armeabi-v7a/libsupc++.a"
make[1]: Leaving directory `/home/aydinkim/clab/opencv-3.0.0-android/platforms/build_android_arm/CMakeFiles/CMakeTmp'


Determining if the include file stddef.h exists passed with the following output:
Change Dir: /home/aydinkim/clab/opencv-3.0.0-android/platforms/build_android_arm/CMakeFiles/CMakeTmp

Run Build Command:/usr/bin/make "cmTryCompileExec1274046598/fast"
/usr/bin/make -f CMakeFiles/cmTryCompileExec1274046598.dir/build.make CMakeFiles/cmTryCompileExec1274046598.dir/build
make[1]: Entering directory `/home/aydinkim/clab/opencv-3.0.0-android/platforms/build_android_arm/CMakeFiles/CMakeTmp'
/usr/bin/cmake -E cmake_progress_report /home/aydinkim/clab/opencv-3.0.0-android/platforms/build_android_arm/CMakeFiles/CMakeTmp/CMakeFiles 1
Building C object CMakeFiles/cmTryCompileExec1274046598.dir/CheckIncludeFile.c.o
/home/aydinkim/Android/Sdk/ndk-bundle/toolchains/arm-linux-androideabi-4.9/prebuilt/linux-x86_64/bin/arm-linux-androideabi-gcc  -DANDROID -fexceptions -fpic -Wno-psabi --sysroot=/home/aydinkim/Android/Sdk/ndk-bundle/platforms/android-8/arch-arm -funwind-tables -finline-limit=64 -fsigned-char -no-canonical-prefixes -march=armv7-a -mfloat-abi=softfp -mfpu=vfpv3-d16 -fdata-sections -ffunction-sections -Wa,--noexecstack    -fsigned-char -W -Wall -Werror=return-type -Werror=non-virtual-dtor -Werror=address -Werror=sequence-point -Wformat -Werror=format-security -Wmissing-declarations -Wmissing-prototypes -Wstrict-prototypes -Wundef -Winit-self -Wpointer-arith -Wshadow -Wno-narrowing -fdiagnostics-show-option -fomit-frame-pointer -fvisibility=hidden  -mthumb -fomit-frame-pointer -fno-strict-aliasing -O3 -DNDEBUG -fPIE -isystem /home/aydinkim/Android/Sdk/ndk-bundle/platforms/android-8/arch-arm/usr/include -isystem /home/aydinkim/Android/Sdk/ndk-bundle/sources/cxx-stl/gnu-libstdc++/4.9/include -isystem /home/aydinkim/Android/Sdk/ndk-bundle/sources/cxx-stl/gnu-libstdc++/4.9/libs/armeabi-v7a/include -isystem /home/aydinkim/Android/Sdk/ndk-bundle/sources/cxx-stl/gnu-libstdc++/4.9/include/backward    -o CMakeFiles/cmTryCompileExec1274046598.dir/CheckIncludeFile.c.o   -c /home/aydinkim/clab/opencv-3.0.0-android/platforms/build_android_arm/CMakeFiles/CMakeTmp/CheckIncludeFile.c
Linking C executable cmTryCompileExec1274046598
/usr/bin/cmake -E cmake_link_script CMakeFiles/cmTryCompileExec1274046598.dir/link.txt --verbose=1
/home/aydinkim/Android/Sdk/ndk-bundle/toolchains/arm-linux-androideabi-4.9/prebuilt/linux-x86_64/bin/arm-linux-androideabi-gcc  -fexceptions -fpic -Wno-psabi --sysroot=/home/aydinkim/Android/Sdk/ndk-bundle/platforms/android-8/arch-arm -funwind-tables -finline-limit=64 -fsigned-char -no-canonical-prefixes -march=armv7-a -mfloat-abi=softfp -mfpu=vfpv3-d16 -fdata-sections -ffunction-sections -Wa,--noexecstack    -fsigned-char -W -Wall -Werror=return-type -Werror=non-virtual-dtor -Werror=address -Werror=sequence-point -Wformat -Werror=format-security -Wmissing-declarations -Wmissing-prototypes -Wstrict-prototypes -Wundef -Winit-self -Wpointer-arith -Wshadow -Wno-narrowing -fdiagnostics-show-option -fomit-frame-pointer -fvisibility=hidden  -mthumb -fomit-frame-pointer -fno-strict-aliasing -O3 -DNDEBUG   -Wl,--fix-cortex-a8 -Wl,--no-undefined -Wl,--gc-sections -Wl,-z,noexecstack -Wl,-z,relro -Wl,-z,now -Wl,-z,nocopyreloc CMakeFiles/cmTryCompileExec1274046598.dir/CheckIncludeFile.c.o -o cmTryCompileExec1274046598  -L/libs/armeabi-v7a -rdynamic  "/home/aydinkim/Android/Sdk/ndk-bundle/sources/cxx-stl/gnu-libstdc++/4.9/libs/armeabi-v7a/libsupc++.a"
make[1]: Leaving directory `/home/aydinkim/clab/opencv-3.0.0-android/platforms/build_android_arm/CMakeFiles/CMakeTmp'


Determining size of unsigned short passed with the following output:
Change Dir: /home/aydinkim/clab/opencv-3.0.0-android/platforms/build_android_arm/CMakeFiles/CMakeTmp

Run Build Command:/usr/bin/make "cmTryCompileExec3067224673/fast"
/usr/bin/make -f CMakeFiles/cmTryCompileExec3067224673.dir/build.make CMakeFiles/cmTryCompileExec3067224673.dir/build
make[1]: Entering directory `/home/aydinkim/clab/opencv-3.0.0-android/platforms/build_android_arm/CMakeFiles/CMakeTmp'
/usr/bin/cmake -E cmake_progress_report /home/aydinkim/clab/opencv-3.0.0-android/platforms/build_android_arm/CMakeFiles/CMakeTmp/CMakeFiles 1
Building C object CMakeFiles/cmTryCompileExec3067224673.dir/CMAKE_SIZEOF_UNSIGNED_SHORT.c.o
/home/aydinkim/Android/Sdk/ndk-bundle/toolchains/arm-linux-androideabi-4.9/prebuilt/linux-x86_64/bin/arm-linux-androideabi-gcc  -DANDROID -fexceptions -fpic -Wno-psabi --sysroot=/home/aydinkim/Android/Sdk/ndk-bundle/platforms/android-8/arch-arm -funwind-tables -finline-limit=64 -fsigned-char -no-canonical-prefixes -march=armv7-a -mfloat-abi=softfp -mfpu=vfpv3-d16 -fdata-sections -ffunction-sections -Wa,--noexecstack    -fsigned-char -W -Wall -Werror=return-type -Werror=non-virtual-dtor -Werror=address -Werror=sequence-point -Wformat -Werror=format-security -Wmissing-declarations -Wmissing-prototypes -Wstrict-prototypes -Wundef -Winit-self -Wpointer-arith -Wshadow -Wno-narrowing -fdiagnostics-show-option -fomit-frame-pointer -fvisibility=hidden  -mthumb -fomit-frame-pointer -fno-strict-aliasing -O3 -DNDEBUG -fPIE -isystem /home/aydinkim/Android/Sdk/ndk-bundle/platforms/android-8/arch-arm/usr/include -isystem /home/aydinkim/Android/Sdk/ndk-bundle/sources/cxx-stl/gnu-libstdc++/4.9/include -isystem /home/aydinkim/Android/Sdk/ndk-bundle/sources/cxx-stl/gnu-libstdc++/4.9/libs/armeabi-v7a/include -isystem /home/aydinkim/Android/Sdk/ndk-bundle/sources/cxx-stl/gnu-libstdc++/4.9/include/backward    -o CMakeFiles/cmTryCompileExec3067224673.dir/CMAKE_SIZEOF_UNSIGNED_SHORT.c.o   -c /home/aydinkim/clab/opencv-3.0.0-android/platforms/build_android_arm/CMakeFiles/CheckTypeSize/CMAKE_SIZEOF_UNSIGNED_SHORT.c
Linking C executable cmTryCompileExec3067224673
/usr/bin/cmake -E cmake_link_script CMakeFiles/cmTryCompileExec3067224673.dir/link.txt --verbose=1
/home/aydinkim/Android/Sdk/ndk-bundle/toolchains/arm-linux-androideabi-4.9/prebuilt/linux-x86_64/bin/arm-linux-androideabi-gcc  -fexceptions -fpic -Wno-psabi --sysroot=/home/aydinkim/Android/Sdk/ndk-bundle/platforms/android-8/arch-arm -funwind-tables -finline-limit=64 -fsigned-char -no-canonical-prefixes -march=armv7-a -mfloat-abi=softfp -mfpu=vfpv3-d16 -fdata-sections -ffunction-sections -Wa,--noexecstack    -fsigned-char -W -Wall -Werror=return-type -Werror=non-virtual-dtor -Werror=address -Werror=sequence-point -Wformat -Werror=format-security -Wmissing-declarations -Wmissing-prototypes -Wstrict-prototypes -Wundef -Winit-self -Wpointer-arith -Wshadow -Wno-narrowing -fdiagnostics-show-option -fomit-frame-pointer -fvisibility=hidden  -mthumb -fomit-frame-pointer -fno-strict-aliasing -O3 -DNDEBUG   -Wl,--fix-cortex-a8 -Wl,--no-undefined -Wl,--gc-sections -Wl,-z,noexecstack -Wl,-z,relro -Wl,-z,now -Wl,-z,nocopyreloc CMakeFiles/cmTryCompileExec3067224673.dir/CMAKE_SIZEOF_UNSIGNED_SHORT.c.o -o cmTryCompileExec3067224673  -L/libs/armeabi-v7a -rdynamic  "/home/aydinkim/Android/Sdk/ndk-bundle/sources/cxx-stl/gnu-libstdc++/4.9/libs/armeabi-v7a/libsupc++.a"
make[1]: Leaving directory `/home/aydinkim/clab/opencv-3.0.0-android/platforms/build_android_arm/CMakeFiles/CMakeTmp'


Determining if the include file assert.h exists passed with the following output:
Change Dir: /home/aydinkim/clab/opencv-3.0.0-android/platforms/build_android_arm/CMakeFiles/CMakeTmp

Run Build Command:/usr/bin/make "cmTryCompileExec3956174760/fast"
/usr/bin/make -f CMakeFiles/cmTryCompileExec3956174760.dir/build.make CMakeFiles/cmTryCompileExec3956174760.dir/build
make[1]: Entering directory `/home/aydinkim/clab/opencv-3.0.0-android/platforms/build_android_arm/CMakeFiles/CMakeTmp'
/usr/bin/cmake -E cmake_progress_report /home/aydinkim/clab/opencv-3.0.0-android/platforms/build_android_arm/CMakeFiles/CMakeTmp/CMakeFiles 1
Building C object CMakeFiles/cmTryCompileExec3956174760.dir/CheckIncludeFile.c.o
/home/aydinkim/Android/Sdk/ndk-bundle/toolchains/arm-linux-androideabi-4.9/prebuilt/linux-x86_64/bin/arm-linux-androideabi-gcc  -DANDROID -fexceptions -fpic -Wno-psabi --sysroot=/home/aydinkim/Android/Sdk/ndk-bundle/platforms/android-8/arch-arm -funwind-tables -finline-limit=64 -fsigned-char -no-canonical-prefixes -march=armv7-a -mfloat-abi=softfp -mfpu=vfpv3-d16 -fdata-sections -ffunction-sections -Wa,--noexecstack    -fsigned-char -W -Wall -Werror=return-type -Werror=non-virtual-dtor -Werror=address -Werror=sequence-point -Wformat -Werror=format-security -Wmissing-declarations -Wmissing-prototypes -Wstrict-prototypes -Wundef -Winit-self -Wpointer-arith -Wshadow -Wno-narrowing -fdiagnostics-show-option -fomit-frame-pointer -fvisibility=hidden  -mthumb -fomit-frame-pointer -fno-strict-aliasing -O3 -DNDEBUG -fPIE -isystem /home/aydinkim/Android/Sdk/ndk-bundle/platforms/android-8/arch-arm/usr/include -isystem /home/aydinkim/Android/Sdk/ndk-bundle/sources/cxx-stl/gnu-libstdc++/4.9/include -isystem /home/aydinkim/Android/Sdk/ndk-bundle/sources/cxx-stl/gnu-libstdc++/4.9/libs/armeabi-v7a/include -isystem /home/aydinkim/Android/Sdk/ndk-bundle/sources/cxx-stl/gnu-libstdc++/4.9/include/backward    -o CMakeFiles/cmTryCompileExec3956174760.dir/CheckIncludeFile.c.o   -c /home/aydinkim/clab/opencv-3.0.0-android/platforms/build_android_arm/CMakeFiles/CMakeTmp/CheckIncludeFile.c
Linking C executable cmTryCompileExec3956174760
/usr/bin/cmake -E cmake_link_script CMakeFiles/cmTryCompileExec3956174760.dir/link.txt --verbose=1
/home/aydinkim/Android/Sdk/ndk-bundle/toolchains/arm-linux-androideabi-4.9/prebuilt/linux-x86_64/bin/arm-linux-androideabi-gcc  -fexceptions -fpic -Wno-psabi --sysroot=/home/aydinkim/Android/Sdk/ndk-bundle/platforms/android-8/arch-arm -funwind-tables -finline-limit=64 -fsigned-char -no-canonical-prefixes -march=armv7-a -mfloat-abi=softfp -mfpu=vfpv3-d16 -fdata-sections -ffunction-sections -Wa,--noexecstack    -fsigned-char -W -Wall -Werror=return-type -Werror=non-virtual-dtor -Werror=address -Werror=sequence-point -Wformat -Werror=format-security -Wmissing-declarations -Wmissing-prototypes -Wstrict-prototypes -Wundef -Winit-self -Wpointer-arith -Wshadow -Wno-narrowing -fdiagnostics-show-option -fomit-frame-pointer -fvisibility=hidden  -mthumb -fomit-frame-pointer -fno-strict-aliasing -O3 -DNDEBUG   -Wl,--fix-cortex-a8 -Wl,--no-undefined -Wl,--gc-sections -Wl,-z,noexecstack -Wl,-z,relro -Wl,-z,now -Wl,-z,nocopyreloc CMakeFiles/cmTryCompileExec3956174760.dir/CheckIncludeFile.c.o -o cmTryCompileExec3956174760  -L/libs/armeabi-v7a -rdynamic  "/home/aydinkim/Android/Sdk/ndk-bundle/sources/cxx-stl/gnu-libstdc++/4.9/libs/armeabi-v7a/libsupc++.a"
make[1]: Leaving directory `/home/aydinkim/clab/opencv-3.0.0-android/platforms/build_android_arm/CMakeFiles/CMakeTmp'


Determining if the include file fcntl.h exists passed with the following output:
Change Dir: /home/aydinkim/clab/opencv-3.0.0-android/platforms/build_android_arm/CMakeFiles/CMakeTmp

Run Build Command:/usr/bin/make "cmTryCompileExec375403074/fast"
/usr/bin/make -f CMakeFiles/cmTryCompileExec375403074.dir/build.make CMakeFiles/cmTryCompileExec375403074.dir/build
make[1]: Entering directory `/home/aydinkim/clab/opencv-3.0.0-android/platforms/build_android_arm/CMakeFiles/CMakeTmp'
/usr/bin/cmake -E cmake_progress_report /home/aydinkim/clab/opencv-3.0.0-android/platforms/build_android_arm/CMakeFiles/CMakeTmp/CMakeFiles 1
Building C object CMakeFiles/cmTryCompileExec375403074.dir/CheckIncludeFile.c.o
/home/aydinkim/Android/Sdk/ndk-bundle/toolchains/arm-linux-androideabi-4.9/prebuilt/linux-x86_64/bin/arm-linux-androideabi-gcc  -DANDROID -fexceptions -fpic -Wno-psabi --sysroot=/home/aydinkim/Android/Sdk/ndk-bundle/platforms/android-8/arch-arm -funwind-tables -finline-limit=64 -fsigned-char -no-canonical-prefixes -march=armv7-a -mfloat-abi=softfp -mfpu=vfpv3-d16 -fdata-sections -ffunction-sections -Wa,--noexecstack    -fsigned-char -W -Wall -Werror=return-type -Werror=non-virtual-dtor -Werror=address -Werror=sequence-point -Wformat -Werror=format-security -Wmissing-declarations -Wmissing-prototypes -Wstrict-prototypes -Wundef -Winit-self -Wpointer-arith -Wshadow -Wno-narrowing -fdiagnostics-show-option -fomit-frame-pointer -fvisibility=hidden  -mthumb -fomit-frame-pointer -fno-strict-aliasing -O3 -DNDEBUG -fPIE -isystem /home/aydinkim/Android/Sdk/ndk-bundle/platforms/android-8/arch-arm/usr/include -isystem /home/aydinkim/Android/Sdk/ndk-bundle/sources/cxx-stl/gnu-libstdc++/4.9/include -isystem /home/aydinkim/Android/Sdk/ndk-bundle/sources/cxx-stl/gnu-libstdc++/4.9/libs/armeabi-v7a/include -isystem /home/aydinkim/Android/Sdk/ndk-bundle/sources/cxx-stl/gnu-libstdc++/4.9/include/backward    -o CMakeFiles/cmTryCompileExec375403074.dir/CheckIncludeFile.c.o   -c /home/aydinkim/clab/opencv-3.0.0-android/platforms/build_android_arm/CMakeFiles/CMakeTmp/CheckIncludeFile.c
Linking C executable cmTryCompileExec375403074
/usr/bin/cmake -E cmake_link_script CMakeFiles/cmTryCompileExec375403074.dir/link.txt --verbose=1
/home/aydinkim/Android/Sdk/ndk-bundle/toolchains/arm-linux-androideabi-4.9/prebuilt/linux-x86_64/bin/arm-linux-androideabi-gcc  -fexceptions -fpic -Wno-psabi --sysroot=/home/aydinkim/Android/Sdk/ndk-bundle/platforms/android-8/arch-arm -funwind-tables -finline-limit=64 -fsigned-char -no-canonical-prefixes -march=armv7-a -mfloat-abi=softfp -mfpu=vfpv3-d16 -fdata-sections -ffunction-sections -Wa,--noexecstack    -fsigned-char -W -Wall -Werror=return-type -Werror=non-virtual-dtor -Werror=address -Werror=sequence-point -Wformat -Werror=format-security -Wmissing-declarations -Wmissing-prototypes -Wstrict-prototypes -Wundef -Winit-self -Wpointer-arith -Wshadow -Wno-narrowing -fdiagnostics-show-option -fomit-frame-pointer -fvisibility=hidden  -mthumb -fomit-frame-pointer -fno-strict-aliasing -O3 -DNDEBUG   -Wl,--fix-cortex-a8 -Wl,--no-undefined -Wl,--gc-sections -Wl,-z,noexecstack -Wl,-z,relro -Wl,-z,now -Wl,-z,nocopyreloc CMakeFiles/cmTryCompileExec375403074.dir/CheckIncludeFile.c.o -o cmTryCompileExec375403074  -L/libs/armeabi-v7a -rdynamic  "/home/aydinkim/Android/Sdk/ndk-bundle/sources/cxx-stl/gnu-libstdc++/4.9/libs/armeabi-v7a/libsupc++.a"
make[1]: Leaving directory `/home/aydinkim/clab/opencv-3.0.0-android/platforms/build_android_arm/CMakeFiles/CMakeTmp'


Determining if the function mmap exists passed with the following output:
Change Dir: /home/aydinkim/clab/opencv-3.0.0-android/platforms/build_android_arm/CMakeFiles/CMakeTmp

Run Build Command:/usr/bin/make "cmTryCompileExec530498547/fast"
/usr/bin/make -f CMakeFiles/cmTryCompileExec530498547.dir/build.make CMakeFiles/cmTryCompileExec530498547.dir/build
make[1]: Entering directory `/home/aydinkim/clab/opencv-3.0.0-android/platforms/build_android_arm/CMakeFiles/CMakeTmp'
/usr/bin/cmake -E cmake_progress_report /home/aydinkim/clab/opencv-3.0.0-android/platforms/build_android_arm/CMakeFiles/CMakeTmp/CMakeFiles 1
Building C object CMakeFiles/cmTryCompileExec530498547.dir/CheckFunctionExists.c.o
/home/aydinkim/Android/Sdk/ndk-bundle/toolchains/arm-linux-androideabi-4.9/prebuilt/linux-x86_64/bin/arm-linux-androideabi-gcc  -DANDROID -fexceptions -fpic -Wno-psabi --sysroot=/home/aydinkim/Android/Sdk/ndk-bundle/platforms/android-8/arch-arm -funwind-tables -finline-limit=64 -fsigned-char -no-canonical-prefixes -march=armv7-a -mfloat-abi=softfp -mfpu=vfpv3-d16 -fdata-sections -ffunction-sections -Wa,--noexecstack    -fsigned-char -W -Wall -Werror=return-type -Werror=non-virtual-dtor -Werror=address -Werror=sequence-point -Wformat -Werror=format-security -Wmissing-declarations -Wmissing-prototypes -Wstrict-prototypes -Wundef -Winit-self -Wpointer-arith -Wshadow -Wno-narrowing -fdiagnostics-show-option -fomit-frame-pointer -fvisibility=hidden -DCHECK_FUNCTION_EXISTS=mmap -mthumb -fomit-frame-pointer -fno-strict-aliasing -O3 -DNDEBUG -fPIE -isystem /home/aydinkim/Android/Sdk/ndk-bundle/platforms/android-8/arch-arm/usr/include -isystem /home/aydinkim/Android/Sdk/ndk-bundle/sources/cxx-stl/gnu-libstdc++/4.9/include -isystem /home/aydinkim/Android/Sdk/ndk-bundle/sources/cxx-stl/gnu-libstdc++/4.9/libs/armeabi-v7a/include -isystem /home/aydinkim/Android/Sdk/ndk-bundle/sources/cxx-stl/gnu-libstdc++/4.9/include/backward    -o CMakeFiles/cmTryCompileExec530498547.dir/CheckFunctionExists.c.o   -c /usr/share/cmake-2.8/Modules/CheckFunctionExists.c
/usr/share/cmake-2.8/Modules/CheckFunctionExists.c:3:1: warning: function declaration isn't a prototype [-Wstrict-prototypes]
 char CHECK_FUNCTION_EXISTS();
 ^
Linking C executable cmTryCompileExec530498547
/usr/bin/cmake -E cmake_link_script CMakeFiles/cmTryCompileExec530498547.dir/link.txt --verbose=1
/home/aydinkim/Android/Sdk/ndk-bundle/toolchains/arm-linux-androideabi-4.9/prebuilt/linux-x86_64/bin/arm-linux-androideabi-gcc  -fexceptions -fpic -Wno-psabi --sysroot=/home/aydinkim/Android/Sdk/ndk-bundle/platforms/android-8/arch-arm -funwind-tables -finline-limit=64 -fsigned-char -no-canonical-prefixes -march=armv7-a -mfloat-abi=softfp -mfpu=vfpv3-d16 -fdata-sections -ffunction-sections -Wa,--noexecstack    -fsigned-char -W -Wall -Werror=return-type -Werror=non-virtual-dtor -Werror=address -Werror=sequence-point -Wformat -Werror=format-security -Wmissing-declarations -Wmissing-prototypes -Wstrict-prototypes -Wundef -Winit-self -Wpointer-arith -Wshadow -Wno-narrowing -fdiagnostics-show-option -fomit-frame-pointer -fvisibility=hidden -DCHECK_FUNCTION_EXISTS=mmap -mthumb -fomit-frame-pointer -fno-strict-aliasing -O3 -DNDEBUG   -Wl,--fix-cortex-a8 -Wl,--no-undefined -Wl,--gc-sections -Wl,-z,noexecstack -Wl,-z,relro -Wl,-z,now -Wl,-z,nocopyreloc CMakeFiles/cmTryCompileExec530498547.dir/CheckFunctionExists.c.o -o cmTryCompileExec530498547  -L/libs/armeabi-v7a -rdynamic  "/home/aydinkim/Android/Sdk/ndk-bundle/sources/cxx-stl/gnu-libstdc++/4.9/libs/armeabi-v7a/libsupc++.a"
make[1]: Leaving directory `/home/aydinkim/clab/opencv-3.0.0-android/platforms/build_android_arm/CMakeFiles/CMakeTmp'


Determining if the include file string.h exists passed with the following output:
Change Dir: /home/aydinkim/clab/opencv-3.0.0-android/platforms/build_android_arm/CMakeFiles/CMakeTmp

Run Build Command:/usr/bin/make "cmTryCompileExec2669283108/fast"
/usr/bin/make -f CMakeFiles/cmTryCompileExec2669283108.dir/build.make CMakeFiles/cmTryCompileExec2669283108.dir/build
make[1]: Entering directory `/home/aydinkim/clab/opencv-3.0.0-android/platforms/build_android_arm/CMakeFiles/CMakeTmp'
/usr/bin/cmake -E cmake_progress_report /home/aydinkim/clab/opencv-3.0.0-android/platforms/build_android_arm/CMakeFiles/CMakeTmp/CMakeFiles 1
Building C object CMakeFiles/cmTryCompileExec2669283108.dir/CheckIncludeFile.c.o
/home/aydinkim/Android/Sdk/ndk-bundle/toolchains/arm-linux-androideabi-4.9/prebuilt/linux-x86_64/bin/arm-linux-androideabi-gcc  -DANDROID -fexceptions -fpic -Wno-psabi --sysroot=/home/aydinkim/Android/Sdk/ndk-bundle/platforms/android-8/arch-arm -funwind-tables -finline-limit=64 -fsigned-char -no-canonical-prefixes -march=armv7-a -mfloat-abi=softfp -mfpu=vfpv3-d16 -fdata-sections -ffunction-sections -Wa,--noexecstack    -fsigned-char -W -Wall -Werror=return-type -Werror=non-virtual-dtor -Werror=address -Werror=sequence-point -Wformat -Werror=format-security -Wmissing-declarations -Wmissing-prototypes -Wstrict-prototypes -Wundef -Winit-self -Wpointer-arith -Wshadow -Wno-narrowing -fdiagnostics-show-option -fomit-frame-pointer -fvisibility=hidden  -mthumb -fomit-frame-pointer -fno-strict-aliasing -O3 -DNDEBUG -fPIE -isystem /home/aydinkim/Android/Sdk/ndk-bundle/platforms/android-8/arch-arm/usr/include -isystem /home/aydinkim/Android/Sdk/ndk-bundle/sources/cxx-stl/gnu-libstdc++/4.9/include -isystem /home/aydinkim/Android/Sdk/ndk-bundle/sources/cxx-stl/gnu-libstdc++/4.9/libs/armeabi-v7a/include -isystem /home/aydinkim/Android/Sdk/ndk-bundle/sources/cxx-stl/gnu-libstdc++/4.9/include/backward    -o CMakeFiles/cmTryCompileExec2669283108.dir/CheckIncludeFile.c.o   -c /home/aydinkim/clab/opencv-3.0.0-android/platforms/build_android_arm/CMakeFiles/CMakeTmp/CheckIncludeFile.c
Linking C executable cmTryCompileExec2669283108
/usr/bin/cmake -E cmake_link_script CMakeFiles/cmTryCompileExec2669283108.dir/link.txt --verbose=1
/home/aydinkim/Android/Sdk/ndk-bundle/toolchains/arm-linux-androideabi-4.9/prebuilt/linux-x86_64/bin/arm-linux-androideabi-gcc  -fexceptions -fpic -Wno-psabi --sysroot=/home/aydinkim/Android/Sdk/ndk-bundle/platforms/android-8/arch-arm -funwind-tables -finline-limit=64 -fsigned-char -no-canonical-prefixes -march=armv7-a -mfloat-abi=softfp -mfpu=vfpv3-d16 -fdata-sections -ffunction-sections -Wa,--noexecstack    -fsigned-char -W -Wall -Werror=return-type -Werror=non-virtual-dtor -Werror=address -Werror=sequence-point -Wformat -Werror=format-security -Wmissing-declarations -Wmissing-prototypes -Wstrict-prototypes -Wundef -Winit-self -Wpointer-arith -Wshadow -Wno-narrowing -fdiagnostics-show-option -fomit-frame-pointer -fvisibility=hidden  -mthumb -fomit-frame-pointer -fno-strict-aliasing -O3 -DNDEBUG   -Wl,--fix-cortex-a8 -Wl,--no-undefined -Wl,--gc-sections -Wl,-z,noexecstack -Wl,-z,relro -Wl,-z,now -Wl,-z,nocopyreloc CMakeFiles/cmTryCompileExec2669283108.dir/CheckIncludeFile.c.o -o cmTryCompileExec2669283108  -L/libs/armeabi-v7a -rdynamic  "/home/aydinkim/Android/Sdk/ndk-bundle/sources/cxx-stl/gnu-libstdc++/4.9/libs/armeabi-v7a/libsupc++.a"
make[1]: Leaving directory `/home/aydinkim/clab/opencv-3.0.0-android/platforms/build_android_arm/CMakeFiles/CMakeTmp'


Determining if the include file unistd.h exists passed with the following output:
Change Dir: /home/aydinkim/clab/opencv-3.0.0-android/platforms/build_android_arm/CMakeFiles/CMakeTmp

Run Build Command:/usr/bin/make "cmTryCompileExec1730325292/fast"
/usr/bin/make -f CMakeFiles/cmTryCompileExec1730325292.dir/build.make CMakeFiles/cmTryCompileExec1730325292.dir/build
make[1]: Entering directory `/home/aydinkim/clab/opencv-3.0.0-android/platforms/build_android_arm/CMakeFiles/CMakeTmp'
/usr/bin/cmake -E cmake_progress_report /home/aydinkim/clab/opencv-3.0.0-android/platforms/build_android_arm/CMakeFiles/CMakeTmp/CMakeFiles 1
Building C object CMakeFiles/cmTryCompileExec1730325292.dir/CheckIncludeFile.c.o
/home/aydinkim/Android/Sdk/ndk-bundle/toolchains/arm-linux-androideabi-4.9/prebuilt/linux-x86_64/bin/arm-linux-androideabi-gcc  -DANDROID -fexceptions -fpic -Wno-psabi --sysroot=/home/aydinkim/Android/Sdk/ndk-bundle/platforms/android-8/arch-arm -funwind-tables -finline-limit=64 -fsigned-char -no-canonical-prefixes -march=armv7-a -mfloat-abi=softfp -mfpu=vfpv3-d16 -fdata-sections -ffunction-sections -Wa,--noexecstack    -fsigned-char -W -Wall -Werror=return-type -Werror=non-virtual-dtor -Werror=address -Werror=sequence-point -Wformat -Werror=format-security -Wmissing-declarations -Wmissing-prototypes -Wstrict-prototypes -Wundef -Winit-self -Wpointer-arith -Wshadow -Wno-narrowing -fdiagnostics-show-option -fomit-frame-pointer -fvisibility=hidden  -mthumb -fomit-frame-pointer -fno-strict-aliasing -O3 -DNDEBUG -fPIE -isystem /home/aydinkim/Android/Sdk/ndk-bundle/platforms/android-8/arch-arm/usr/include -isystem /home/aydinkim/Android/Sdk/ndk-bundle/sources/cxx-stl/gnu-libstdc++/4.9/include -isystem /home/aydinkim/Android/Sdk/ndk-bundle/sources/cxx-stl/gnu-libstdc++/4.9/libs/armeabi-v7a/include -isystem /home/aydinkim/Android/Sdk/ndk-bundle/sources/cxx-stl/gnu-libstdc++/4.9/include/backward    -o CMakeFiles/cmTryCompileExec1730325292.dir/CheckIncludeFile.c.o   -c /home/aydinkim/clab/opencv-3.0.0-android/platforms/build_android_arm/CMakeFiles/CMakeTmp/CheckIncludeFile.c
Linking C executable cmTryCompileExec1730325292
/usr/bin/cmake -E cmake_link_script CMakeFiles/cmTryCompileExec1730325292.dir/link.txt --verbose=1
/home/aydinkim/Android/Sdk/ndk-bundle/toolchains/arm-linux-androideabi-4.9/prebuilt/linux-x86_64/bin/arm-linux-androideabi-gcc  -fexceptions -fpic -Wno-psabi --sysroot=/home/aydinkim/Android/Sdk/ndk-bundle/platforms/android-8/arch-arm -funwind-tables -finline-limit=64 -fsigned-char -no-canonical-prefixes -march=armv7-a -mfloat-abi=softfp -mfpu=vfpv3-d16 -fdata-sections -ffunction-sections -Wa,--noexecstack    -fsigned-char -W -Wall -Werror=return-type -Werror=non-virtual-dtor -Werror=address -Werror=sequence-point -Wformat -Werror=format-security -Wmissing-declarations -Wmissing-prototypes -Wstrict-prototypes -Wundef -Winit-self -Wpointer-arith -Wshadow -Wno-narrowing -fdiagnostics-show-option -fomit-frame-pointer -fvisibility=hidden  -mthumb -fomit-frame-pointer -fno-strict-aliasing -O3 -DNDEBUG   -Wl,--fix-cortex-a8 -Wl,--no-undefined -Wl,--gc-sections -Wl,-z,noexecstack -Wl,-z,relro -Wl,-z,now -Wl,-z,nocopyreloc CMakeFiles/cmTryCompileExec1730325292.dir/CheckIncludeFile.c.o -o cmTryCompileExec1730325292  -L/libs/armeabi-v7a -rdynamic  "/home/aydinkim/Android/Sdk/ndk-bundle/sources/cxx-stl/gnu-libstdc++/4.9/libs/armeabi-v7a/libsupc++.a"
make[1]: Leaving directory `/home/aydinkim/clab/opencv-3.0.0-android/platforms/build_android_arm/CMakeFiles/CMakeTmp'


Determining if the include file semaphore.h exists passed with the following output:
Change Dir: /home/aydinkim/clab/opencv-3.0.0-android/platforms/build_android_arm/CMakeFiles/CMakeTmp

Run Build Command:/usr/bin/make "cmTryCompileExec2853216306/fast"
/usr/bin/make -f CMakeFiles/cmTryCompileExec2853216306.dir/build.make CMakeFiles/cmTryCompileExec2853216306.dir/build
make[1]: Entering directory `/home/aydinkim/clab/opencv-3.0.0-android/platforms/build_android_arm/CMakeFiles/CMakeTmp'
/usr/bin/cmake -E cmake_progress_report /home/aydinkim/clab/opencv-3.0.0-android/platforms/build_android_arm/CMakeFiles/CMakeTmp/CMakeFiles 1
Building C object CMakeFiles/cmTryCompileExec2853216306.dir/CheckIncludeFile.c.o
/home/aydinkim/Android/Sdk/ndk-bundle/toolchains/arm-linux-androideabi-4.9/prebuilt/linux-x86_64/bin/arm-linux-androideabi-gcc  -DANDROID -fexceptions -fpic -Wno-psabi --sysroot=/home/aydinkim/Android/Sdk/ndk-bundle/platforms/android-8/arch-arm -funwind-tables -finline-limit=64 -fsigned-char -no-canonical-prefixes -march=armv7-a -mfloat-abi=softfp -mfpu=vfpv3-d16 -fdata-sections -ffunction-sections -Wa,--noexecstack    -fsigned-char -W -Wall -Werror=return-type -Werror=non-virtual-dtor -Werror=address -Werror=sequence-point -Wformat -Werror=format-security -Wmissing-declarations -Wmissing-prototypes -Wstrict-prototypes -Wundef -Winit-self -Wpointer-arith -Wshadow -Wno-narrowing -fdiagnostics-show-option -fomit-frame-pointer -fvisibility=hidden  -mthumb -fomit-frame-pointer -fno-strict-aliasing -O3 -DNDEBUG -fPIE -isystem /home/aydinkim/Android/Sdk/ndk-bundle/platforms/android-8/arch-arm/usr/include -isystem /home/aydinkim/Android/Sdk/ndk-bundle/sources/cxx-stl/gnu-libstdc++/4.9/include -isystem /home/aydinkim/Android/Sdk/ndk-bundle/sources/cxx-stl/gnu-libstdc++/4.9/libs/armeabi-v7a/include -isystem /home/aydinkim/Android/Sdk/ndk-bundle/sources/cxx-stl/gnu-libstdc++/4.9/include/backward    -o CMakeFiles/cmTryCompileExec2853216306.dir/CheckIncludeFile.c.o   -c /home/aydinkim/clab/opencv-3.0.0-android/platforms/build_android_arm/CMakeFiles/CMakeTmp/CheckIncludeFile.c
Linking C executable cmTryCompileExec2853216306
/usr/bin/cmake -E cmake_link_script CMakeFiles/cmTryCompileExec2853216306.dir/link.txt --verbose=1
/home/aydinkim/Android/Sdk/ndk-bundle/toolchains/arm-linux-androideabi-4.9/prebuilt/linux-x86_64/bin/arm-linux-androideabi-gcc  -fexceptions -fpic -Wno-psabi --sysroot=/home/aydinkim/Android/Sdk/ndk-bundle/platforms/android-8/arch-arm -funwind-tables -finline-limit=64 -fsigned-char -no-canonical-prefixes -march=armv7-a -mfloat-abi=softfp -mfpu=vfpv3-d16 -fdata-sections -ffunction-sections -Wa,--noexecstack    -fsigned-char -W -Wall -Werror=return-type -Werror=non-virtual-dtor -Werror=address -Werror=sequence-point -Wformat -Werror=format-security -Wmissing-declarations -Wmissing-prototypes -Wstrict-prototypes -Wundef -Winit-self -Wpointer-arith -Wshadow -Wno-narrowing -fdiagnostics-show-option -fomit-frame-pointer -fvisibility=hidden  -mthumb -fomit-frame-pointer -fno-strict-aliasing -O3 -DNDEBUG   -Wl,--fix-cortex-a8 -Wl,--no-undefined -Wl,--gc-sections -Wl,-z,noexecstack -Wl,-z,relro -Wl,-z,now -Wl,-z,nocopyreloc CMakeFiles/cmTryCompileExec2853216306.dir/CheckIncludeFile.c.o -o cmTryCompileExec2853216306  -L/libs/armeabi-v7a -rdynamic  "/home/aydinkim/Android/Sdk/ndk-bundle/sources/cxx-stl/gnu-libstdc++/4.9/libs/armeabi-v7a/libsupc++.a"
make[1]: Leaving directory `/home/aydinkim/clab/opencv-3.0.0-android/platforms/build_android_arm/CMakeFiles/CMakeTmp'


Determining if files pthread.h exist passed with the following output:
Change Dir: /home/aydinkim/clab/opencv-3.0.0-android/platforms/build_android_arm/CMakeFiles/CMakeTmp

Run Build Command:/usr/bin/make "cmTryCompileExec3949146293/fast"
/usr/bin/make -f CMakeFiles/cmTryCompileExec3949146293.dir/build.make CMakeFiles/cmTryCompileExec3949146293.dir/build
make[1]: Entering directory `/home/aydinkim/clab/opencv-3.0.0-android/platforms/build_android_arm/CMakeFiles/CMakeTmp'
/usr/bin/cmake -E cmake_progress_report /home/aydinkim/clab/opencv-3.0.0-android/platforms/build_android_arm/CMakeFiles/CMakeTmp/CMakeFiles 1
Building C object CMakeFiles/cmTryCompileExec3949146293.dir/CheckIncludeFiles.c.o
/home/aydinkim/Android/Sdk/ndk-bundle/toolchains/arm-linux-androideabi-4.9/prebuilt/linux-x86_64/bin/arm-linux-androideabi-gcc  -DANDROID -fexceptions -fpic -Wno-psabi --sysroot=/home/aydinkim/Android/Sdk/ndk-bundle/platforms/android-8/arch-arm -funwind-tables -finline-limit=64 -fsigned-char -no-canonical-prefixes -march=armv7-a -mfloat-abi=softfp -mfpu=vfpv3-d16 -fdata-sections -ffunction-sections -Wa,--noexecstack    -fsigned-char -W -Wall -Werror=return-type -Werror=non-virtual-dtor -Werror=address -Werror=sequence-point -Wformat -Werror=format-security -Wmissing-declarations -Wmissing-prototypes -Wstrict-prototypes -Wundef -Winit-self -Wpointer-arith -Wshadow -Wno-narrowing -fdiagnostics-show-option -fomit-frame-pointer -fvisibility=hidden  -mthumb -fomit-frame-pointer -fno-strict-aliasing -O3 -DNDEBUG -fPIE -isystem /home/aydinkim/Android/Sdk/ndk-bundle/platforms/android-8/arch-arm/usr/include -isystem /home/aydinkim/Android/Sdk/ndk-bundle/sources/cxx-stl/gnu-libstdc++/4.9/include -isystem /home/aydinkim/Android/Sdk/ndk-bundle/sources/cxx-stl/gnu-libstdc++/4.9/libs/armeabi-v7a/include -isystem /home/aydinkim/Android/Sdk/ndk-bundle/sources/cxx-stl/gnu-libstdc++/4.9/include/backward    -o CMakeFiles/cmTryCompileExec3949146293.dir/CheckIncludeFiles.c.o   -c /home/aydinkim/clab/opencv-3.0.0-android/platforms/build_android_arm/CMakeFiles/CMakeTmp/CheckIncludeFiles.c
/home/aydinkim/clab/opencv-3.0.0-android/platforms/build_android_arm/CMakeFiles/CMakeTmp/CheckIncludeFiles.c:5:5: warning: function declaration isn't a prototype [-Wstrict-prototypes]
 int main(){return 0;}
     ^
Linking C executable cmTryCompileExec3949146293
/usr/bin/cmake -E cmake_link_script CMakeFiles/cmTryCompileExec3949146293.dir/link.txt --verbose=1
/home/aydinkim/Android/Sdk/ndk-bundle/toolchains/arm-linux-androideabi-4.9/prebuilt/linux-x86_64/bin/arm-linux-androideabi-gcc  -fexceptions -fpic -Wno-psabi --sysroot=/home/aydinkim/Android/Sdk/ndk-bundle/platforms/android-8/arch-arm -funwind-tables -finline-limit=64 -fsigned-char -no-canonical-prefixes -march=armv7-a -mfloat-abi=softfp -mfpu=vfpv3-d16 -fdata-sections -ffunction-sections -Wa,--noexecstack    -fsigned-char -W -Wall -Werror=return-type -Werror=non-virtual-dtor -Werror=address -Werror=sequence-point -Wformat -Werror=format-security -Wmissing-declarations -Wmissing-prototypes -Wstrict-prototypes -Wundef -Winit-self -Wpointer-arith -Wshadow -Wno-narrowing -fdiagnostics-show-option -fomit-frame-pointer -fvisibility=hidden  -mthumb -fomit-frame-pointer -fno-strict-aliasing -O3 -DNDEBUG   -Wl,--fix-cortex-a8 -Wl,--no-undefined -Wl,--gc-sections -Wl,-z,noexecstack -Wl,-z,relro -Wl,-z,now -Wl,-z,nocopyreloc CMakeFiles/cmTryCompileExec3949146293.dir/CheckIncludeFiles.c.o -o cmTryCompileExec3949146293  -L/libs/armeabi-v7a -rdynamic  "/home/aydinkim/Android/Sdk/ndk-bundle/sources/cxx-stl/gnu-libstdc++/4.9/libs/armeabi-v7a/libsupc++.a"
make[1]: Leaving directory `/home/aydinkim/clab/opencv-3.0.0-android/platforms/build_android_arm/CMakeFiles/CMakeTmp'


Determining if the pthread_create exist passed with the following output:
Change Dir: /home/aydinkim/clab/opencv-3.0.0-android/platforms/build_android_arm/CMakeFiles/CMakeTmp

Run Build Command:/usr/bin/make "cmTryCompileExec3401805970/fast"
/usr/bin/make -f CMakeFiles/cmTryCompileExec3401805970.dir/build.make CMakeFiles/cmTryCompileExec3401805970.dir/build
make[1]: Entering directory `/home/aydinkim/clab/opencv-3.0.0-android/platforms/build_android_arm/CMakeFiles/CMakeTmp'
/usr/bin/cmake -E cmake_progress_report /home/aydinkim/clab/opencv-3.0.0-android/platforms/build_android_arm/CMakeFiles/CMakeTmp/CMakeFiles 1
Building C object CMakeFiles/cmTryCompileExec3401805970.dir/CheckSymbolExists.c.o
/home/aydinkim/Android/Sdk/ndk-bundle/toolchains/arm-linux-androideabi-4.9/prebuilt/linux-x86_64/bin/arm-linux-androideabi-gcc  -DANDROID -fexceptions -fpic -Wno-psabi --sysroot=/home/aydinkim/Android/Sdk/ndk-bundle/platforms/android-8/arch-arm -funwind-tables -finline-limit=64 -fsigned-char -no-canonical-prefixes -march=armv7-a -mfloat-abi=softfp -mfpu=vfpv3-d16 -fdata-sections -ffunction-sections -Wa,--noexecstack    -fsigned-char -W -Wall -Werror=return-type -Werror=non-virtual-dtor -Werror=address -Werror=sequence-point -Wformat -Werror=format-security -Wmissing-declarations -Wmissing-prototypes -Wstrict-prototypes -Wundef -Winit-self -Wpointer-arith -Wshadow -Wno-narrowing -fdiagnostics-show-option -fomit-frame-pointer -fvisibility=hidden  -mthumb -fomit-frame-pointer -fno-strict-aliasing -O3 -DNDEBUG -fPIE -isystem /home/aydinkim/Android/Sdk/ndk-bundle/platforms/android-8/arch-arm/usr/include -isystem /home/aydinkim/Android/Sdk/ndk-bundle/sources/cxx-stl/gnu-libstdc++/4.9/include -isystem /home/aydinkim/Android/Sdk/ndk-bundle/sources/cxx-stl/gnu-libstdc++/4.9/libs/armeabi-v7a/include -isystem /home/aydinkim/Android/Sdk/ndk-bundle/sources/cxx-stl/gnu-libstdc++/4.9/include/backward    -o CMakeFiles/cmTryCompileExec3401805970.dir/CheckSymbolExists.c.o   -c /home/aydinkim/clab/opencv-3.0.0-android/platforms/build_android_arm/CMakeFiles/CMakeTmp/CheckSymbolExists.c
Linking C executable cmTryCompileExec3401805970
/usr/bin/cmake -E cmake_link_script CMakeFiles/cmTryCompileExec3401805970.dir/link.txt --verbose=1
/home/aydinkim/Android/Sdk/ndk-bundle/toolchains/arm-linux-androideabi-4.9/prebuilt/linux-x86_64/bin/arm-linux-androideabi-gcc  -fexceptions -fpic -Wno-psabi --sysroot=/home/aydinkim/Android/Sdk/ndk-bundle/platforms/android-8/arch-arm -funwind-tables -finline-limit=64 -fsigned-char -no-canonical-prefixes -march=armv7-a -mfloat-abi=softfp -mfpu=vfpv3-d16 -fdata-sections -ffunction-sections -Wa,--noexecstack    -fsigned-char -W -Wall -Werror=return-type -Werror=non-virtual-dtor -Werror=address -Werror=sequence-point -Wformat -Werror=format-security -Wmissing-declarations -Wmissing-prototypes -Wstrict-prototypes -Wundef -Winit-self -Wpointer-arith -Wshadow -Wno-narrowing -fdiagnostics-show-option -fomit-frame-pointer -fvisibility=hidden  -mthumb -fomit-frame-pointer -fno-strict-aliasing -O3 -DNDEBUG   -Wl,--fix-cortex-a8 -Wl,--no-undefined -Wl,--gc-sections -Wl,-z,noexecstack -Wl,-z,relro -Wl,-z,now -Wl,-z,nocopyreloc CMakeFiles/cmTryCompileExec3401805970.dir/CheckSymbolExists.c.o -o cmTryCompileExec3401805970  -L/libs/armeabi-v7a -rdynamic  "/home/aydinkim/Android/Sdk/ndk-bundle/sources/cxx-stl/gnu-libstdc++/4.9/libs/armeabi-v7a/libsupc++.a"
make[1]: Leaving directory `/home/aydinkim/clab/opencv-3.0.0-android/platforms/build_android_arm/CMakeFiles/CMakeTmp'

File /home/aydinkim/clab/opencv-3.0.0-android/platforms/build_android_arm/CMakeFiles/CMakeTmp/CheckSymbolExists.c:
/* */
#include <pthread.h>

int main(int argc, char** argv)
{
  (void)argv;
#ifndef pthread_create
  return ((int*)(&pthread_create))[argc];
#else
  (void)argc;
  return 0;
#endif
}

Determining if files pthread.h exist passed with the following output:
Change Dir: /home/aydinkim/clab/opencv-3.0.0-android/platforms/build_android_arm/CMakeFiles/CMakeTmp

Run Build Command:/usr/bin/make "cmTryCompileExec153643812/fast"
/usr/bin/make -f CMakeFiles/cmTryCompileExec153643812.dir/build.make CMakeFiles/cmTryCompileExec153643812.dir/build
make[1]: Entering directory `/home/aydinkim/clab/opencv-3.0.0-android/platforms/build_android_arm/CMakeFiles/CMakeTmp'
/usr/bin/cmake -E cmake_progress_report /home/aydinkim/clab/opencv-3.0.0-android/platforms/build_android_arm/CMakeFiles/CMakeTmp/CMakeFiles 1
Building C object CMakeFiles/cmTryCompileExec153643812.dir/CheckIncludeFiles.c.o
/home/aydinkim/Android/Sdk/ndk-bundle/toolchains/arm-linux-androideabi-4.9/prebuilt/linux-x86_64/bin/arm-linux-androideabi-gcc  -DANDROID -fexceptions -fpic -Wno-psabi --sysroot=/home/aydinkim/Android/Sdk/ndk-bundle/platforms/android-8/arch-arm -funwind-tables -finline-limit=64 -fsigned-char -no-canonical-prefixes -march=armv7-a -mfloat-abi=softfp -mfpu=vfpv3-d16 -fdata-sections -ffunction-sections -Wa,--noexecstack    -fsigned-char -W -Wall -Werror=return-type -Werror=non-virtual-dtor -Werror=address -Werror=sequence-point -Wformat -Werror=format-security -Wmissing-declarations -Wmissing-prototypes -Wstrict-prototypes -Wundef -Winit-self -Wpointer-arith -Wshadow -Wno-narrowing -fdiagnostics-show-option -fomit-frame-pointer -fvisibility=hidden  -mthumb -fomit-frame-pointer -fno-strict-aliasing -O3 -DNDEBUG -fPIE -isystem /home/aydinkim/Android/Sdk/ndk-bundle/platforms/android-8/arch-arm/usr/include -isystem /home/aydinkim/Android/Sdk/ndk-bundle/sources/cxx-stl/gnu-libstdc++/4.9/include -isystem /home/aydinkim/Android/Sdk/ndk-bundle/sources/cxx-stl/gnu-libstdc++/4.9/libs/armeabi-v7a/include -isystem /home/aydinkim/Android/Sdk/ndk-bundle/sources/cxx-stl/gnu-libstdc++/4.9/include/backward    -o CMakeFiles/cmTryCompileExec153643812.dir/CheckIncludeFiles.c.o   -c /home/aydinkim/clab/opencv-3.0.0-android/platforms/build_android_arm/CMakeFiles/CMakeTmp/CheckIncludeFiles.c
/home/aydinkim/clab/opencv-3.0.0-android/platforms/build_android_arm/CMakeFiles/CMakeTmp/CheckIncludeFiles.c:5:5: warning: function declaration isn't a prototype [-Wstrict-prototypes]
 int main(){return 0;}
     ^
Linking C executable cmTryCompileExec153643812
/usr/bin/cmake -E cmake_link_script CMakeFiles/cmTryCompileExec153643812.dir/link.txt --verbose=1
/home/aydinkim/Android/Sdk/ndk-bundle/toolchains/arm-linux-androideabi-4.9/prebuilt/linux-x86_64/bin/arm-linux-androideabi-gcc  -fexceptions -fpic -Wno-psabi --sysroot=/home/aydinkim/Android/Sdk/ndk-bundle/platforms/android-8/arch-arm -funwind-tables -finline-limit=64 -fsigned-char -no-canonical-prefixes -march=armv7-a -mfloat-abi=softfp -mfpu=vfpv3-d16 -fdata-sections -ffunction-sections -Wa,--noexecstack    -fsigned-char -W -Wall -Werror=return-type -Werror=non-virtual-dtor -Werror=address -Werror=sequence-point -Wformat -Werror=format-security -Wmissing-declarations -Wmissing-prototypes -Wstrict-prototypes -Wundef -Winit-self -Wpointer-arith -Wshadow -Wno-narrowing -fdiagnostics-show-option -fomit-frame-pointer -fvisibility=hidden  -mthumb -fomit-frame-pointer -fno-strict-aliasing -O3 -DNDEBUG   -Wl,--fix-cortex-a8 -Wl,--no-undefined -Wl,--gc-sections -Wl,-z,noexecstack -Wl,-z,relro -Wl,-z,now -Wl,-z,nocopyreloc CMakeFiles/cmTryCompileExec153643812.dir/CheckIncludeFiles.c.o -o cmTryCompileExec153643812  -L/libs/armeabi-v7a -rdynamic  "/home/aydinkim/Android/Sdk/ndk-bundle/sources/cxx-stl/gnu-libstdc++/4.9/libs/armeabi-v7a/libsupc++.a"
make[1]: Leaving directory `/home/aydinkim/clab/opencv-3.0.0-android/platforms/build_android_arm/CMakeFiles/CMakeTmp'


Determining if the include file unordered_map exists passed with the following output:
Change Dir: /home/aydinkim/clab/opencv-3.0.0-android/platforms/build_android_arm/CMakeFiles/CMakeTmp

Run Build Command:/usr/bin/make "cmTryCompileExec3256988719/fast"
/usr/bin/make -f CMakeFiles/cmTryCompileExec3256988719.dir/build.make CMakeFiles/cmTryCompileExec3256988719.dir/build
make[1]: Entering directory `/home/aydinkim/clab/opencv-3.0.0-android/platforms/build_android_arm/CMakeFiles/CMakeTmp'
/usr/bin/cmake -E cmake_progress_report /home/aydinkim/clab/opencv-3.0.0-android/platforms/build_android_arm/CMakeFiles/CMakeTmp/CMakeFiles 1
Building CXX object CMakeFiles/cmTryCompileExec3256988719.dir/CheckIncludeFile.cxx.o
/home/aydinkim/Android/Sdk/ndk-bundle/toolchains/arm-linux-androideabi-4.9/prebuilt/linux-x86_64/bin/arm-linux-androideabi-g++   -DANDROID -fexceptions -frtti -fpic -Wno-psabi --sysroot=/home/aydinkim/Android/Sdk/ndk-bundle/platforms/android-8/arch-arm -funwind-tables -finline-limit=64 -fsigned-char -no-canonical-prefixes -march=armv7-a -mfloat-abi=softfp -mfpu=vfpv3-d16 -fdata-sections -ffunction-sections -Wa,--noexecstack    -fsigned-char -W -Wall -Werror=return-type -Werror=non-virtual-dtor -Werror=address -Werror=sequence-point -Wformat -Werror=format-security  -Wundef -Winit-self -Wpointer-arith -Wshadow  -Wno-narrowing -Wno-delete-non-virtual-dtor -fdiagnostics-show-option -fomit-frame-pointer -fvisibility=hidden -fvisibility-inlines-hidden -Wno-shadow -Wno-parentheses -Wno-maybe-uninitialized -Wno-sign-promo -Wno-missing-declarations -std=c++11 -mthumb -fomit-frame-pointer -fno-strict-aliasing -O3 -DNDEBUG -fPIE -isystem /home/aydinkim/Android/Sdk/ndk-bundle/platforms/android-8/arch-arm/usr/include -isystem /home/aydinkim/Android/Sdk/ndk-bundle/sources/cxx-stl/gnu-libstdc++/4.9/include -isystem /home/aydinkim/Android/Sdk/ndk-bundle/sources/cxx-stl/gnu-libstdc++/4.9/libs/armeabi-v7a/include -isystem /home/aydinkim/Android/Sdk/ndk-bundle/sources/cxx-stl/gnu-libstdc++/4.9/include/backward    -o CMakeFiles/cmTryCompileExec3256988719.dir/CheckIncludeFile.cxx.o -c /home/aydinkim/clab/opencv-3.0.0-android/platforms/build_android_arm/CMakeFiles/CMakeTmp/CheckIncludeFile.cxx
Linking CXX executable cmTryCompileExec3256988719
/usr/bin/cmake -E cmake_link_script CMakeFiles/cmTryCompileExec3256988719.dir/link.txt --verbose=1
/home/aydinkim/Android/Sdk/ndk-bundle/toolchains/arm-linux-androideabi-4.9/prebuilt/linux-x86_64/bin/arm-linux-androideabi-gcc -fexceptions -frtti -fpic -Wno-psabi --sysroot=/home/aydinkim/Android/Sdk/ndk-bundle/platforms/android-8/arch-arm -funwind-tables -finline-limit=64 -fsigned-char -no-canonical-prefixes -march=armv7-a -mfloat-abi=softfp -mfpu=vfpv3-d16 -fdata-sections -ffunction-sections -Wa,--noexecstack    -fsigned-char -W -Wall -Werror=return-type -Werror=non-virtual-dtor -Werror=address -Werror=sequence-point -Wformat -Werror=format-security  -Wundef -Winit-self -Wpointer-arith -Wshadow  -Wno-narrowing -Wno-delete-non-virtual-dtor -fdiagnostics-show-option -fomit-frame-pointer -fvisibility=hidden -fvisibility-inlines-hidden -Wno-shadow -Wno-parentheses -Wno-maybe-uninitialized -Wno-sign-promo -Wno-missing-declarations -std=c++11 -mthumb -fomit-frame-pointer -fno-strict-aliasing -O3 -DNDEBUG   -Wl,--fix-cortex-a8 -Wl,--no-undefined -Wl,--gc-sections -Wl,-z,noexecstack -Wl,-z,relro -Wl,-z,now -Wl,-z,nocopyreloc CMakeFiles/cmTryCompileExec3256988719.dir/CheckIncludeFile.cxx.o -o cmTryCompileExec3256988719  -L/libs/armeabi-v7a -rdynamic  "/home/aydinkim/Android/Sdk/ndk-bundle/sources/cxx-stl/gnu-libstdc++/4.9/libs/armeabi-v7a/libgnustl_static.a" "/home/aydinkim/Android/Sdk/ndk-bundle/sources/cxx-stl/gnu-libstdc++/4.9/libs/armeabi-v7a/libsupc++.a" -lm
make[1]: Leaving directory `/home/aydinkim/clab/opencv-3.0.0-android/platforms/build_android_arm/CMakeFiles/CMakeTmp'


Determining if the include file tr1/unordered_map exists passed with the following output:
Change Dir: /home/aydinkim/clab/opencv-3.0.0-android/platforms/build_android_arm/CMakeFiles/CMakeTmp

Run Build Command:/usr/bin/make "cmTryCompileExec293651954/fast"
/usr/bin/make -f CMakeFiles/cmTryCompileExec293651954.dir/build.make CMakeFiles/cmTryCompileExec293651954.dir/build
make[1]: Entering directory `/home/aydinkim/clab/opencv-3.0.0-android/platforms/build_android_arm/CMakeFiles/CMakeTmp'
/usr/bin/cmake -E cmake_progress_report /home/aydinkim/clab/opencv-3.0.0-android/platforms/build_android_arm/CMakeFiles/CMakeTmp/CMakeFiles 1
Building CXX object CMakeFiles/cmTryCompileExec293651954.dir/CheckIncludeFile.cxx.o
/home/aydinkim/Android/Sdk/ndk-bundle/toolchains/arm-linux-androideabi-4.9/prebuilt/linux-x86_64/bin/arm-linux-androideabi-g++   -DANDROID -fexceptions -frtti -fpic -Wno-psabi --sysroot=/home/aydinkim/Android/Sdk/ndk-bundle/platforms/android-8/arch-arm -funwind-tables -finline-limit=64 -fsigned-char -no-canonical-prefixes -march=armv7-a -mfloat-abi=softfp -mfpu=vfpv3-d16 -fdata-sections -ffunction-sections -Wa,--noexecstack    -fsigned-char -W -Wall -Werror=return-type -Werror=non-virtual-dtor -Werror=address -Werror=sequence-point -Wformat -Werror=format-security  -Wundef -Winit-self -Wpointer-arith -Wshadow  -Wno-narrowing -Wno-delete-non-virtual-dtor -fdiagnostics-show-option -fomit-frame-pointer -fvisibility=hidden -fvisibility-inlines-hidden -Wno-shadow -Wno-parentheses -Wno-maybe-uninitialized -Wno-sign-promo -Wno-missing-declarations -std=c++11 -mthumb -fomit-frame-pointer -fno-strict-aliasing -O3 -DNDEBUG -fPIE -isystem /home/aydinkim/Android/Sdk/ndk-bundle/platforms/android-8/arch-arm/usr/include -isystem /home/aydinkim/Android/Sdk/ndk-bundle/sources/cxx-stl/gnu-libstdc++/4.9/include -isystem /home/aydinkim/Android/Sdk/ndk-bundle/sources/cxx-stl/gnu-libstdc++/4.9/libs/armeabi-v7a/include -isystem /home/aydinkim/Android/Sdk/ndk-bundle/sources/cxx-stl/gnu-libstdc++/4.9/include/backward    -o CMakeFiles/cmTryCompileExec293651954.dir/CheckIncludeFile.cxx.o -c /home/aydinkim/clab/opencv-3.0.0-android/platforms/build_android_arm/CMakeFiles/CMakeTmp/CheckIncludeFile.cxx
Linking CXX executable cmTryCompileExec293651954
/usr/bin/cmake -E cmake_link_script CMakeFiles/cmTryCompileExec293651954.dir/link.txt --verbose=1
/home/aydinkim/Android/Sdk/ndk-bundle/toolchains/arm-linux-androideabi-4.9/prebuilt/linux-x86_64/bin/arm-linux-androideabi-gcc -fexceptions -frtti -fpic -Wno-psabi --sysroot=/home/aydinkim/Android/Sdk/ndk-bundle/platforms/android-8/arch-arm -funwind-tables -finline-limit=64 -fsigned-char -no-canonical-prefixes -march=armv7-a -mfloat-abi=softfp -mfpu=vfpv3-d16 -fdata-sections -ffunction-sections -Wa,--noexecstack    -fsigned-char -W -Wall -Werror=return-type -Werror=non-virtual-dtor -Werror=address -Werror=sequence-point -Wformat -Werror=format-security  -Wundef -Winit-self -Wpointer-arith -Wshadow  -Wno-narrowing -Wno-delete-non-virtual-dtor -fdiagnostics-show-option -fomit-frame-pointer -fvisibility=hidden -fvisibility-inlines-hidden -Wno-shadow -Wno-parentheses -Wno-maybe-uninitialized -Wno-sign-promo -Wno-missing-declarations -std=c++11 -mthumb -fomit-frame-pointer -fno-strict-aliasing -O3 -DNDEBUG   -Wl,--fix-cortex-a8 -Wl,--no-undefined -Wl,--gc-sections -Wl,-z,noexecstack -Wl,-z,relro -Wl,-z,now -Wl,-z,nocopyreloc CMakeFiles/cmTryCompileExec293651954.dir/CheckIncludeFile.cxx.o -o cmTryCompileExec293651954  -L/libs/armeabi-v7a -rdynamic  "/home/aydinkim/Android/Sdk/ndk-bundle/sources/cxx-stl/gnu-libstdc++/4.9/libs/armeabi-v7a/libgnustl_static.a" "/home/aydinkim/Android/Sdk/ndk-bundle/sources/cxx-stl/gnu-libstdc++/4.9/libs/armeabi-v7a/libsupc++.a" -lm
make[1]: Leaving directory `/home/aydinkim/clab/opencv-3.0.0-android/platforms/build_android_arm/CMakeFiles/CMakeTmp'


Determining if the include file unordered_set exists passed with the following output:
Change Dir: /home/aydinkim/clab/opencv-3.0.0-android/platforms/build_android_arm/CMakeFiles/CMakeTmp

Run Build Command:/usr/bin/make "cmTryCompileExec2462045401/fast"
/usr/bin/make -f CMakeFiles/cmTryCompileExec2462045401.dir/build.make CMakeFiles/cmTryCompileExec2462045401.dir/build
make[1]: Entering directory `/home/aydinkim/clab/opencv-3.0.0-android/platforms/build_android_arm/CMakeFiles/CMakeTmp'
/usr/bin/cmake -E cmake_progress_report /home/aydinkim/clab/opencv-3.0.0-android/platforms/build_android_arm/CMakeFiles/CMakeTmp/CMakeFiles 1
Building CXX object CMakeFiles/cmTryCompileExec2462045401.dir/CheckIncludeFile.cxx.o
/home/aydinkim/Android/Sdk/ndk-bundle/toolchains/arm-linux-androideabi-4.9/prebuilt/linux-x86_64/bin/arm-linux-androideabi-g++   -DANDROID -fexceptions -frtti -fpic -Wno-psabi --sysroot=/home/aydinkim/Android/Sdk/ndk-bundle/platforms/android-8/arch-arm -funwind-tables -finline-limit=64 -fsigned-char -no-canonical-prefixes -march=armv7-a -mfloat-abi=softfp -mfpu=vfpv3-d16 -fdata-sections -ffunction-sections -Wa,--noexecstack    -fsigned-char -W -Wall -Werror=return-type -Werror=non-virtual-dtor -Werror=address -Werror=sequence-point -Wformat -Werror=format-security  -Wundef -Winit-self -Wpointer-arith -Wshadow  -Wno-narrowing -Wno-delete-non-virtual-dtor -fdiagnostics-show-option -fomit-frame-pointer -fvisibility=hidden -fvisibility-inlines-hidden -Wno-shadow -Wno-parentheses -Wno-maybe-uninitialized -Wno-sign-promo -Wno-missing-declarations -std=c++11 -mthumb -fomit-frame-pointer -fno-strict-aliasing -O3 -DNDEBUG -fPIE -isystem /home/aydinkim/Android/Sdk/ndk-bundle/platforms/android-8/arch-arm/usr/include -isystem /home/aydinkim/Android/Sdk/ndk-bundle/sources/cxx-stl/gnu-libstdc++/4.9/include -isystem /home/aydinkim/Android/Sdk/ndk-bundle/sources/cxx-stl/gnu-libstdc++/4.9/libs/armeabi-v7a/include -isystem /home/aydinkim/Android/Sdk/ndk-bundle/sources/cxx-stl/gnu-libstdc++/4.9/include/backward    -o CMakeFiles/cmTryCompileExec2462045401.dir/CheckIncludeFile.cxx.o -c /home/aydinkim/clab/opencv-3.0.0-android/platforms/build_android_arm/CMakeFiles/CMakeTmp/CheckIncludeFile.cxx
Linking CXX executable cmTryCompileExec2462045401
/usr/bin/cmake -E cmake_link_script CMakeFiles/cmTryCompileExec2462045401.dir/link.txt --verbose=1
/home/aydinkim/Android/Sdk/ndk-bundle/toolchains/arm-linux-androideabi-4.9/prebuilt/linux-x86_64/bin/arm-linux-androideabi-gcc -fexceptions -frtti -fpic -Wno-psabi --sysroot=/home/aydinkim/Android/Sdk/ndk-bundle/platforms/android-8/arch-arm -funwind-tables -finline-limit=64 -fsigned-char -no-canonical-prefixes -march=armv7-a -mfloat-abi=softfp -mfpu=vfpv3-d16 -fdata-sections -ffunction-sections -Wa,--noexecstack    -fsigned-char -W -Wall -Werror=return-type -Werror=non-virtual-dtor -Werror=address -Werror=sequence-point -Wformat -Werror=format-security  -Wundef -Winit-self -Wpointer-arith -Wshadow  -Wno-narrowing -Wno-delete-non-virtual-dtor -fdiagnostics-show-option -fomit-frame-pointer -fvisibility=hidden -fvisibility-inlines-hidden -Wno-shadow -Wno-parentheses -Wno-maybe-uninitialized -Wno-sign-promo -Wno-missing-declarations -std=c++11 -mthumb -fomit-frame-pointer -fno-strict-aliasing -O3 -DNDEBUG   -Wl,--fix-cortex-a8 -Wl,--no-undefined -Wl,--gc-sections -Wl,-z,noexecstack -Wl,-z,relro -Wl,-z,now -Wl,-z,nocopyreloc CMakeFiles/cmTryCompileExec2462045401.dir/CheckIncludeFile.cxx.o -o cmTryCompileExec2462045401  -L/libs/armeabi-v7a -rdynamic  "/home/aydinkim/Android/Sdk/ndk-bundle/sources/cxx-stl/gnu-libstdc++/4.9/libs/armeabi-v7a/libgnustl_static.a" "/home/aydinkim/Android/Sdk/ndk-bundle/sources/cxx-stl/gnu-libstdc++/4.9/libs/armeabi-v7a/libsupc++.a" -lm
make[1]: Leaving directory `/home/aydinkim/clab/opencv-3.0.0-android/platforms/build_android_arm/CMakeFiles/CMakeTmp'


Determining if the include file tr1/unordered_set exists passed with the following output:
Change Dir: /home/aydinkim/clab/opencv-3.0.0-android/platforms/build_android_arm/CMakeFiles/CMakeTmp

Run Build Command:/usr/bin/make "cmTryCompileExec3973021684/fast"
/usr/bin/make -f CMakeFiles/cmTryCompileExec3973021684.dir/build.make CMakeFiles/cmTryCompileExec3973021684.dir/build
make[1]: Entering directory `/home/aydinkim/clab/opencv-3.0.0-android/platforms/build_android_arm/CMakeFiles/CMakeTmp'
/usr/bin/cmake -E cmake_progress_report /home/aydinkim/clab/opencv-3.0.0-android/platforms/build_android_arm/CMakeFiles/CMakeTmp/CMakeFiles 1
Building CXX object CMakeFiles/cmTryCompileExec3973021684.dir/CheckIncludeFile.cxx.o
/home/aydinkim/Android/Sdk/ndk-bundle/toolchains/arm-linux-androideabi-4.9/prebuilt/linux-x86_64/bin/arm-linux-androideabi-g++   -DANDROID -fexceptions -frtti -fpic -Wno-psabi --sysroot=/home/aydinkim/Android/Sdk/ndk-bundle/platforms/android-8/arch-arm -funwind-tables -finline-limit=64 -fsigned-char -no-canonical-prefixes -march=armv7-a -mfloat-abi=softfp -mfpu=vfpv3-d16 -fdata-sections -ffunction-sections -Wa,--noexecstack    -fsigned-char -W -Wall -Werror=return-type -Werror=non-virtual-dtor -Werror=address -Werror=sequence-point -Wformat -Werror=format-security  -Wundef -Winit-self -Wpointer-arith -Wshadow  -Wno-narrowing -Wno-delete-non-virtual-dtor -fdiagnostics-show-option -fomit-frame-pointer -fvisibility=hidden -fvisibility-inlines-hidden -Wno-shadow -Wno-parentheses -Wno-maybe-uninitialized -Wno-sign-promo -Wno-missing-declarations -std=c++11 -mthumb -fomit-frame-pointer -fno-strict-aliasing -O3 -DNDEBUG -fPIE -isystem /home/aydinkim/Android/Sdk/ndk-bundle/platforms/android-8/arch-arm/usr/include -isystem /home/aydinkim/Android/Sdk/ndk-bundle/sources/cxx-stl/gnu-libstdc++/4.9/include -isystem /home/aydinkim/Android/Sdk/ndk-bundle/sources/cxx-stl/gnu-libstdc++/4.9/libs/armeabi-v7a/include -isystem /home/aydinkim/Android/Sdk/ndk-bundle/sources/cxx-stl/gnu-libstdc++/4.9/include/backward    -o CMakeFiles/cmTryCompileExec3973021684.dir/CheckIncludeFile.cxx.o -c /home/aydinkim/clab/opencv-3.0.0-android/platforms/build_android_arm/CMakeFiles/CMakeTmp/CheckIncludeFile.cxx
Linking CXX executable cmTryCompileExec3973021684
/usr/bin/cmake -E cmake_link_script CMakeFiles/cmTryCompileExec3973021684.dir/link.txt --verbose=1
/home/aydinkim/Android/Sdk/ndk-bundle/toolchains/arm-linux-androideabi-4.9/prebuilt/linux-x86_64/bin/arm-linux-androideabi-gcc -fexceptions -frtti -fpic -Wno-psabi --sysroot=/home/aydinkim/Android/Sdk/ndk-bundle/platforms/android-8/arch-arm -funwind-tables -finline-limit=64 -fsigned-char -no-canonical-prefixes -march=armv7-a -mfloat-abi=softfp -mfpu=vfpv3-d16 -fdata-sections -ffunction-sections -Wa,--noexecstack    -fsigned-char -W -Wall -Werror=return-type -Werror=non-virtual-dtor -Werror=address -Werror=sequence-point -Wformat -Werror=format-security  -Wundef -Winit-self -Wpointer-arith -Wshadow  -Wno-narrowing -Wno-delete-non-virtual-dtor -fdiagnostics-show-option -fomit-frame-pointer -fvisibility=hidden -fvisibility-inlines-hidden -Wno-shadow -Wno-parentheses -Wno-maybe-uninitialized -Wno-sign-promo -Wno-missing-declarations -std=c++11 -mthumb -fomit-frame-pointer -fno-strict-aliasing -O3 -DNDEBUG   -Wl,--fix-cortex-a8 -Wl,--no-undefined -Wl,--gc-sections -Wl,-z,noexecstack -Wl,-z,relro -Wl,-z,now -Wl,-z,nocopyreloc CMakeFiles/cmTryCompileExec3973021684.dir/CheckIncludeFile.cxx.o -o cmTryCompileExec3973021684  -L/libs/armeabi-v7a -rdynamic  "/home/aydinkim/Android/Sdk/ndk-bundle/sources/cxx-stl/gnu-libstdc++/4.9/libs/armeabi-v7a/libgnustl_static.a" "/home/aydinkim/Android/Sdk/ndk-bundle/sources/cxx-stl/gnu-libstdc++/4.9/libs/armeabi-v7a/libsupc++.a" -lm
make[1]: Leaving directory `/home/aydinkim/clab/opencv-3.0.0-android/platforms/build_android_arm/CMakeFiles/CMakeTmp'


