ok: CLASS ..Videoio : 


===== Header: /home/aydinkim/clab/opencv-3.0.0-android/modules/videoio/include/opencv2/videoio/videoio_c.h =====
Namespaces: set([''])

--- Incoming ---
[u'const CV_CAP_ANY', u'0', [], []]
ignored: CONST CV_CAP_ANY=0

--- Incoming ---
[u'const CV_CAP_MIL', u'100', [], []]
ignored: CONST CV_CAP_MIL=100

--- Incoming ---
[u'const CV_CAP_VFW', u'200', [], []]
ignored: CONST CV_CAP_VFW=200

--- Incoming ---
[u'const CV_CAP_V4L', u'200', [], []]
ignored: CONST CV_CAP_V4L=200

--- Incoming ---
[u'const CV_CAP_V4L2', u'200', [], []]
ignored: CONST CV_CAP_V4L2=200

--- Incoming ---
[u'const CV_CAP_FIREWARE', u'300', [], []]
ignored: CONST CV_CAP_FIREWARE=300

--- Incoming ---
[u'const CV_CAP_FIREWIRE', u'300', [], []]
ignored: CONST CV_CAP_FIREWIRE=300

--- Incoming ---
[u'const CV_CAP_IEEE1394', u'300', [], []]
ignored: CONST CV_CAP_IEEE1394=300

--- Incoming ---
[u'const CV_CAP_DC1394', u'300', [], []]
ignored: CONST CV_CAP_DC1394=300

--- Incoming ---
[u'const CV_CAP_CMU1394', u'300', [], []]
ignored: CONST CV_CAP_CMU1394=300

--- Incoming ---
[u'const CV_CAP_STEREO', u'400', [], []]
ignored: CONST CV_CAP_STEREO=400

--- Incoming ---
[u'const CV_CAP_TYZX', u'400', [], []]
ignored: CONST CV_CAP_TYZX=400

--- Incoming ---
[u'const CV_TYZX_LEFT', u'400', [], []]
ignored: CONST CV_TYZX_LEFT=400

--- Incoming ---
[u'const CV_TYZX_RIGHT', u'401', [], []]
ignored: CONST CV_TYZX_RIGHT=401

--- Incoming ---
[u'const CV_TYZX_COLOR', u'402', [], []]
ignored: CONST CV_TYZX_COLOR=402

--- Incoming ---
[u'const CV_TYZX_Z', u'403', [], []]
ignored: CONST CV_TYZX_Z=403

--- Incoming ---
[u'const CV_CAP_QT', u'500', [], []]
ignored: CONST CV_CAP_QT=500

--- Incoming ---
[u'const CV_CAP_UNICAP', u'600', [], []]
ignored: CONST CV_CAP_UNICAP=600

--- Incoming ---
[u'const CV_CAP_DSHOW', u'700', [], []]
ignored: CONST CV_CAP_DSHOW=700

--- Incoming ---
[u'const CV_CAP_MSMF', u'1400', [], []]
ok: CONST CV_CAP_MSMF=1400

--- Incoming ---
[u'const CV_CAP_PVAPI', u'800', [], []]
ignored: CONST CV_CAP_PVAPI=800

--- Incoming ---
[u'const CV_CAP_OPENNI', u'900', [], []]
ignored: CONST CV_CAP_OPENNI=900

--- Incoming ---
[u'const CV_CAP_OPENNI_ASUS', u'910', [], []]
ignored: CONST CV_CAP_OPENNI_ASUS=910

--- Incoming ---
[u'const CV_CAP_ANDROID', u'1000', [], []]
ok: CONST CV_CAP_ANDROID=1000

--- Incoming ---
[u'const CV_CAP_ANDROID_BACK', u'CV_CAP_ANDROID+99', [], []]
ok: CONST CV_CAP_ANDROID_BACK=CV_CAP_ANDROID+99

--- Incoming ---
[u'const CV_CAP_ANDROID_FRONT', u'CV_CAP_ANDROID+98', [], []]
ok: CONST CV_CAP_ANDROID_FRONT=CV_CAP_ANDROID+98

--- Incoming ---
[u'const CV_CAP_XIAPI', u'1100', [], []]
ok: CONST CV_CAP_XIAPI=1100

--- Incoming ---
[u'const CV_CAP_AVFOUNDATION', u'1200', [], []]
ok: CONST CV_CAP_AVFOUNDATION=1200

--- Incoming ---
[u'const CV_CAP_GIGANETIX', u'1300', [], []]
ok: CONST CV_CAP_GIGANETIX=1300

--- Incoming ---
[u'const CV_CAP_INTELPERC', u'1500', [], []]
ignored: CONST CV_CAP_INTELPERC=1500

--- Incoming ---
[u'const CV_CAP_OPENNI2', u'1600', [], []]
ignored: CONST CV_CAP_OPENNI2=1600

--- Incoming ---
[u'const CV_CAP_GPHOTO2', u'1700', [], []]
ok: CONST CV_CAP_GPHOTO2=1700

--- Incoming ---
[u'const CV_CAP_PROP_DC1394_OFF', u'-4', [], []]
ignored: CONST CV_CAP_PROP_DC1394_OFF=-4

--- Incoming ---
[u'const CV_CAP_PROP_DC1394_MODE_MANUAL', u'-3', [], []]
ignored: CONST CV_CAP_PROP_DC1394_MODE_MANUAL=-3

--- Incoming ---
[u'const CV_CAP_PROP_DC1394_MODE_AUTO', u'-2', [], []]
ignored: CONST CV_CAP_PROP_DC1394_MODE_AUTO=-2

--- Incoming ---
[u'const CV_CAP_PROP_DC1394_MODE_ONE_PUSH_AUTO', u'-1', [], []]
ignored: CONST CV_CAP_PROP_DC1394_MODE_ONE_PUSH_AUTO=-1

--- Incoming ---
[u'const CV_CAP_PROP_POS_MSEC', u'0', [], []]
ignored: CONST CV_CAP_PROP_POS_MSEC=0

--- Incoming ---
[u'const CV_CAP_PROP_POS_FRAMES', u'1', [], []]
ignored: CONST CV_CAP_PROP_POS_FRAMES=1

--- Incoming ---
[u'const CV_CAP_PROP_POS_AVI_RATIO', u'2', [], []]
ignored: CONST CV_CAP_PROP_POS_AVI_RATIO=2

--- Incoming ---
[u'const CV_CAP_PROP_FRAME_WIDTH', u'3', [], []]
ok: CONST CV_CAP_PROP_FRAME_WIDTH=3

--- Incoming ---
[u'const CV_CAP_PROP_FRAME_HEIGHT', u'4', [], []]
ok: CONST CV_CAP_PROP_FRAME_HEIGHT=4

--- Incoming ---
[u'const CV_CAP_PROP_FPS', u'5', [], []]
ignored: CONST CV_CAP_PROP_FPS=5

--- Incoming ---
[u'const CV_CAP_PROP_FOURCC', u'6', [], []]
ignored: CONST CV_CAP_PROP_FOURCC=6

--- Incoming ---
[u'const CV_CAP_PROP_FRAME_COUNT', u'7', [], []]
ignored: CONST CV_CAP_PROP_FRAME_COUNT=7

--- Incoming ---
[u'const CV_CAP_PROP_FORMAT', u'8', [], []]
ignored: CONST CV_CAP_PROP_FORMAT=8

--- Incoming ---
[u'const CV_CAP_PROP_MODE', u'9', [], []]
ignored: CONST CV_CAP_PROP_MODE=9

--- Incoming ---
[u'const CV_CAP_PROP_BRIGHTNESS', u'10', [], []]
ignored: CONST CV_CAP_PROP_BRIGHTNESS=10

--- Incoming ---
[u'const CV_CAP_PROP_CONTRAST', u'11', [], []]
ignored: CONST CV_CAP_PROP_CONTRAST=11

--- Incoming ---
[u'const CV_CAP_PROP_SATURATION', u'12', [], []]
ignored: CONST CV_CAP_PROP_SATURATION=12

--- Incoming ---
[u'const CV_CAP_PROP_HUE', u'13', [], []]
ignored: CONST CV_CAP_PROP_HUE=13

--- Incoming ---
[u'const CV_CAP_PROP_GAIN', u'14', [], []]
ignored: CONST CV_CAP_PROP_GAIN=14

--- Incoming ---
[u'const CV_CAP_PROP_EXPOSURE', u'15', [], []]
ignored: CONST CV_CAP_PROP_EXPOSURE=15

--- Incoming ---
[u'const CV_CAP_PROP_CONVERT_RGB', u'16', [], []]
ignored: CONST CV_CAP_PROP_CONVERT_RGB=16

--- Incoming ---
[u'const CV_CAP_PROP_WHITE_BALANCE_BLUE_U', u'17', [], []]
ignored: CONST CV_CAP_PROP_WHITE_BALANCE_BLUE_U=17

--- Incoming ---
[u'const CV_CAP_PROP_RECTIFICATION', u'18', [], []]
ignored: CONST CV_CAP_PROP_RECTIFICATION=18

--- Incoming ---
[u'const CV_CAP_PROP_MONOCHROME', u'19', [], []]
ignored: CONST CV_CAP_PROP_MONOCHROME=19

--- Incoming ---
[u'const CV_CAP_PROP_SHARPNESS', u'20', [], []]
ignored: CONST CV_CAP_PROP_SHARPNESS=20

--- Incoming ---
[u'const CV_CAP_PROP_AUTO_EXPOSURE', u'21', [], []]
ignored: CONST CV_CAP_PROP_AUTO_EXPOSURE=21

--- Incoming ---
[u'const CV_CAP_PROP_GAMMA', u'22', [], []]
ignored: CONST CV_CAP_PROP_GAMMA=22

--- Incoming ---
[u'const CV_CAP_PROP_TEMPERATURE', u'23', [], []]
ignored: CONST CV_CAP_PROP_TEMPERATURE=23

--- Incoming ---
[u'const CV_CAP_PROP_TRIGGER', u'24', [], []]
ignored: CONST CV_CAP_PROP_TRIGGER=24

--- Incoming ---
[u'const CV_CAP_PROP_TRIGGER_DELAY', u'25', [], []]
ignored: CONST CV_CAP_PROP_TRIGGER_DELAY=25

--- Incoming ---
[u'const CV_CAP_PROP_WHITE_BALANCE_RED_V', u'26', [], []]
ignored: CONST CV_CAP_PROP_WHITE_BALANCE_RED_V=26

--- Incoming ---
[u'const CV_CAP_PROP_ZOOM', u'27', [], []]
ok: CONST CV_CAP_PROP_ZOOM=27

--- Incoming ---
[u'const CV_CAP_PROP_FOCUS', u'28', [], []]
ok: CONST CV_CAP_PROP_FOCUS=28

--- Incoming ---
[u'const CV_CAP_PROP_GUID', u'29', [], []]
ok: CONST CV_CAP_PROP_GUID=29

--- Incoming ---
[u'const CV_CAP_PROP_ISO_SPEED', u'30', [], []]
ok: CONST CV_CAP_PROP_ISO_SPEED=30

--- Incoming ---
[u'const CV_CAP_PROP_MAX_DC1394', u'31', [], []]
ignored: CONST CV_CAP_PROP_MAX_DC1394=31

--- Incoming ---
[u'const CV_CAP_PROP_BACKLIGHT', u'32', [], []]
ok: CONST CV_CAP_PROP_BACKLIGHT=32

--- Incoming ---
[u'const CV_CAP_PROP_PAN', u'33', [], []]
ok: CONST CV_CAP_PROP_PAN=33

--- Incoming ---
[u'const CV_CAP_PROP_TILT', u'34', [], []]
ok: CONST CV_CAP_PROP_TILT=34

--- Incoming ---
[u'const CV_CAP_PROP_ROLL', u'35', [], []]
ok: CONST CV_CAP_PROP_ROLL=35

--- Incoming ---
[u'const CV_CAP_PROP_IRIS', u'36', [], []]
ok: CONST CV_CAP_PROP_IRIS=36

--- Incoming ---
[u'const CV_CAP_PROP_SETTINGS', u'37', [], []]
ok: CONST CV_CAP_PROP_SETTINGS=37

--- Incoming ---
[u'const CV_CAP_PROP_BUFFERSIZE', u'38', [], []]
ok: CONST CV_CAP_PROP_BUFFERSIZE=38

--- Incoming ---
[u'const CV_CAP_PROP_AUTOGRAB', u'1024', [], []]
ok: CONST CV_CAP_PROP_AUTOGRAB=1024

--- Incoming ---
[u'const CV_CAP_PROP_SUPPORTED_PREVIEW_SIZES_STRING', u'1025', [], []]
ignored: CONST CV_CAP_PROP_SUPPORTED_PREVIEW_SIZES_STRING=1025

--- Incoming ---
[u'const CV_CAP_PROP_PREVIEW_FORMAT', u'1026', [], []]
ok: CONST CV_CAP_PROP_PREVIEW_FORMAT=1026

--- Incoming ---
[u'const CV_CAP_OPENNI_DEPTH_GENERATOR', u'1 << 31', [], []]
ignored: CONST CV_CAP_OPENNI_DEPTH_GENERATOR=1 << 31

--- Incoming ---
[u'const CV_CAP_OPENNI_IMAGE_GENERATOR', u'1 << 30', [], []]
ignored: CONST CV_CAP_OPENNI_IMAGE_GENERATOR=1 << 30

--- Incoming ---
[   u'const CV_CAP_OPENNI_GENERATORS_MASK',
    u'CV_CAP_OPENNI_DEPTH_GENERATOR + CV_CAP_OPENNI_IMAGE_GENERATOR',
    [],
    []]
ignored: CONST CV_CAP_OPENNI_GENERATORS_MASK=CV_CAP_OPENNI_DEPTH_GENERATOR + CV_CAP_OPENNI_IMAGE_GENERATOR

--- Incoming ---
[u'const CV_CAP_PROP_OPENNI_OUTPUT_MODE', u'100', [], []]
ignored: CONST CV_CAP_PROP_OPENNI_OUTPUT_MODE=100

--- Incoming ---
[u'const CV_CAP_PROP_OPENNI_FRAME_MAX_DEPTH', u'101', [], []]
ignored: CONST CV_CAP_PROP_OPENNI_FRAME_MAX_DEPTH=101

--- Incoming ---
[u'const CV_CAP_PROP_OPENNI_BASELINE', u'102', [], []]
ignored: CONST CV_CAP_PROP_OPENNI_BASELINE=102

--- Incoming ---
[u'const CV_CAP_PROP_OPENNI_FOCAL_LENGTH', u'103', [], []]
ignored: CONST CV_CAP_PROP_OPENNI_FOCAL_LENGTH=103

--- Incoming ---
[u'const CV_CAP_PROP_OPENNI_REGISTRATION', u'104', [], []]
ignored: CONST CV_CAP_PROP_OPENNI_REGISTRATION=104

--- Incoming ---
[   u'const CV_CAP_PROP_OPENNI_REGISTRATION_ON',
    u'CV_CAP_PROP_OPENNI_REGISTRATION',
    [],
    []]
ignored: CONST CV_CAP_PROP_OPENNI_REGISTRATION_ON=CV_CAP_PROP_OPENNI_REGISTRATION

--- Incoming ---
[u'const CV_CAP_PROP_OPENNI_APPROX_FRAME_SYNC', u'105', [], []]
ignored: CONST CV_CAP_PROP_OPENNI_APPROX_FRAME_SYNC=105

--- Incoming ---
[u'const CV_CAP_PROP_OPENNI_MAX_BUFFER_SIZE', u'106', [], []]
ignored: CONST CV_CAP_PROP_OPENNI_MAX_BUFFER_SIZE=106

--- Incoming ---
[u'const CV_CAP_PROP_OPENNI_CIRCLE_BUFFER', u'107', [], []]
ignored: CONST CV_CAP_PROP_OPENNI_CIRCLE_BUFFER=107

--- Incoming ---
[u'const CV_CAP_PROP_OPENNI_MAX_TIME_DURATION', u'108', [], []]
ignored: CONST CV_CAP_PROP_OPENNI_MAX_TIME_DURATION=108

--- Incoming ---
[u'const CV_CAP_PROP_OPENNI_GENERATOR_PRESENT', u'109', [], []]
ignored: CONST CV_CAP_PROP_OPENNI_GENERATOR_PRESENT=109

--- Incoming ---
[u'const CV_CAP_PROP_OPENNI2_SYNC', u'110', [], []]
ok: CONST CV_CAP_PROP_OPENNI2_SYNC=110

--- Incoming ---
[u'const CV_CAP_PROP_OPENNI2_MIRROR', u'111', [], []]
ok: CONST CV_CAP_PROP_OPENNI2_MIRROR=111

--- Incoming ---
[   u'const CV_CAP_OPENNI_IMAGE_GENERATOR_PRESENT',
    u'CV_CAP_OPENNI_IMAGE_GENERATOR + CV_CAP_PROP_OPENNI_GENERATOR_PRESENT',
    [],
    []]
ignored: CONST CV_CAP_OPENNI_IMAGE_GENERATOR_PRESENT=CV_CAP_OPENNI_IMAGE_GENERATOR + CV_CAP_PROP_OPENNI_GENERATOR_PRESENT

--- Incoming ---
[   u'const CV_CAP_OPENNI_IMAGE_GENERATOR_OUTPUT_MODE',
    u'CV_CAP_OPENNI_IMAGE_GENERATOR + CV_CAP_PROP_OPENNI_OUTPUT_MODE',
    [],
    []]
ignored: CONST CV_CAP_OPENNI_IMAGE_GENERATOR_OUTPUT_MODE=CV_CAP_OPENNI_IMAGE_GENERATOR + CV_CAP_PROP_OPENNI_OUTPUT_MODE

--- Incoming ---
[   u'const CV_CAP_OPENNI_DEPTH_GENERATOR_BASELINE',
    u'CV_CAP_OPENNI_DEPTH_GENERATOR + CV_CAP_PROP_OPENNI_BASELINE',
    [],
    []]
ignored: CONST CV_CAP_OPENNI_DEPTH_GENERATOR_BASELINE=CV_CAP_OPENNI_DEPTH_GENERATOR + CV_CAP_PROP_OPENNI_BASELINE

--- Incoming ---
[   u'const CV_CAP_OPENNI_DEPTH_GENERATOR_FOCAL_LENGTH',
    u'CV_CAP_OPENNI_DEPTH_GENERATOR + CV_CAP_PROP_OPENNI_FOCAL_LENGTH',
    [],
    []]
ignored: CONST CV_CAP_OPENNI_DEPTH_GENERATOR_FOCAL_LENGTH=CV_CAP_OPENNI_DEPTH_GENERATOR + CV_CAP_PROP_OPENNI_FOCAL_LENGTH

--- Incoming ---
[   u'const CV_CAP_OPENNI_DEPTH_GENERATOR_REGISTRATION',
    u'CV_CAP_OPENNI_DEPTH_GENERATOR + CV_CAP_PROP_OPENNI_REGISTRATION',
    [],
    []]
ignored: CONST CV_CAP_OPENNI_DEPTH_GENERATOR_REGISTRATION=CV_CAP_OPENNI_DEPTH_GENERATOR + CV_CAP_PROP_OPENNI_REGISTRATION

--- Incoming ---
[   u'const CV_CAP_OPENNI_DEPTH_GENERATOR_REGISTRATION_ON',
    u'CV_CAP_OPENNI_DEPTH_GENERATOR_REGISTRATION',
    [],
    []]
ignored: CONST CV_CAP_OPENNI_DEPTH_GENERATOR_REGISTRATION_ON=CV_CAP_OPENNI_DEPTH_GENERATOR_REGISTRATION

--- Incoming ---
[u'const CV_CAP_GSTREAMER_QUEUE_LENGTH', u'200', [], []]
ignored: CONST CV_CAP_GSTREAMER_QUEUE_LENGTH=200

--- Incoming ---
[u'const CV_CAP_PROP_PVAPI_MULTICASTIP', u'300', [], []]
ignored: CONST CV_CAP_PROP_PVAPI_MULTICASTIP=300

--- Incoming ---
[u'const CV_CAP_PROP_PVAPI_FRAMESTARTTRIGGERMODE', u'301', [], []]
ok: CONST CV_CAP_PROP_PVAPI_FRAMESTARTTRIGGERMODE=301

--- Incoming ---
[u'const CV_CAP_PROP_PVAPI_DECIMATIONHORIZONTAL', u'302', [], []]
ok: CONST CV_CAP_PROP_PVAPI_DECIMATIONHORIZONTAL=302

--- Incoming ---
[u'const CV_CAP_PROP_PVAPI_DECIMATIONVERTICAL', u'303', [], []]
ok: CONST CV_CAP_PROP_PVAPI_DECIMATIONVERTICAL=303

--- Incoming ---
[u'const CV_CAP_PROP_PVAPI_BINNINGX', u'304', [], []]
ok: CONST CV_CAP_PROP_PVAPI_BINNINGX=304

--- Incoming ---
[u'const CV_CAP_PROP_PVAPI_BINNINGY', u'305', [], []]
ok: CONST CV_CAP_PROP_PVAPI_BINNINGY=305

--- Incoming ---
[u'const CV_CAP_PROP_PVAPI_PIXELFORMAT', u'306', [], []]
ok: CONST CV_CAP_PROP_PVAPI_PIXELFORMAT=306

--- Incoming ---
[u'const CV_CAP_PROP_XI_DOWNSAMPLING', u'400', [], []]
ok: CONST CV_CAP_PROP_XI_DOWNSAMPLING=400

--- Incoming ---
[u'const CV_CAP_PROP_XI_DATA_FORMAT', u'401', [], []]
ok: CONST CV_CAP_PROP_XI_DATA_FORMAT=401

--- Incoming ---
[u'const CV_CAP_PROP_XI_OFFSET_X', u'402', [], []]
ok: CONST CV_CAP_PROP_XI_OFFSET_X=402

--- Incoming ---
[u'const CV_CAP_PROP_XI_OFFSET_Y', u'403', [], []]
ok: CONST CV_CAP_PROP_XI_OFFSET_Y=403

--- Incoming ---
[u'const CV_CAP_PROP_XI_TRG_SOURCE', u'404', [], []]
ok: CONST CV_CAP_PROP_XI_TRG_SOURCE=404

--- Incoming ---
[u'const CV_CAP_PROP_XI_TRG_SOFTWARE', u'405', [], []]
ok: CONST CV_CAP_PROP_XI_TRG_SOFTWARE=405

--- Incoming ---
[u'const CV_CAP_PROP_XI_GPI_SELECTOR', u'406', [], []]
ok: CONST CV_CAP_PROP_XI_GPI_SELECTOR=406

--- Incoming ---
[u'const CV_CAP_PROP_XI_GPI_MODE', u'407', [], []]
ok: CONST CV_CAP_PROP_XI_GPI_MODE=407

--- Incoming ---
[u'const CV_CAP_PROP_XI_GPI_LEVEL', u'408', [], []]
ok: CONST CV_CAP_PROP_XI_GPI_LEVEL=408

--- Incoming ---
[u'const CV_CAP_PROP_XI_GPO_SELECTOR', u'409', [], []]
ok: CONST CV_CAP_PROP_XI_GPO_SELECTOR=409

--- Incoming ---
[u'const CV_CAP_PROP_XI_GPO_MODE', u'410', [], []]
ok: CONST CV_CAP_PROP_XI_GPO_MODE=410

--- Incoming ---
[u'const CV_CAP_PROP_XI_LED_SELECTOR', u'411', [], []]
ok: CONST CV_CAP_PROP_XI_LED_SELECTOR=411

--- Incoming ---
[u'const CV_CAP_PROP_XI_LED_MODE', u'412', [], []]
ok: CONST CV_CAP_PROP_XI_LED_MODE=412

--- Incoming ---
[u'const CV_CAP_PROP_XI_MANUAL_WB', u'413', [], []]
ok: CONST CV_CAP_PROP_XI_MANUAL_WB=413

--- Incoming ---
[u'const CV_CAP_PROP_XI_AUTO_WB', u'414', [], []]
ok: CONST CV_CAP_PROP_XI_AUTO_WB=414

--- Incoming ---
[u'const CV_CAP_PROP_XI_AEAG', u'415', [], []]
ok: CONST CV_CAP_PROP_XI_AEAG=415

--- Incoming ---
[u'const CV_CAP_PROP_XI_EXP_PRIORITY', u'416', [], []]
ok: CONST CV_CAP_PROP_XI_EXP_PRIORITY=416

--- Incoming ---
[u'const CV_CAP_PROP_XI_AE_MAX_LIMIT', u'417', [], []]
ok: CONST CV_CAP_PROP_XI_AE_MAX_LIMIT=417

--- Incoming ---
[u'const CV_CAP_PROP_XI_AG_MAX_LIMIT', u'418', [], []]
ok: CONST CV_CAP_PROP_XI_AG_MAX_LIMIT=418

--- Incoming ---
[u'const CV_CAP_PROP_XI_AEAG_LEVEL', u'419', [], []]
ok: CONST CV_CAP_PROP_XI_AEAG_LEVEL=419

--- Incoming ---
[u'const CV_CAP_PROP_XI_TIMEOUT', u'420', [], []]
ok: CONST CV_CAP_PROP_XI_TIMEOUT=420

--- Incoming ---
[u'const CV_CAP_PROP_ANDROID_FLASH_MODE', u'8001', [], []]
ok: CONST CV_CAP_PROP_ANDROID_FLASH_MODE=8001

--- Incoming ---
[u'const CV_CAP_PROP_ANDROID_FOCUS_MODE', u'8002', [], []]
ok: CONST CV_CAP_PROP_ANDROID_FOCUS_MODE=8002

--- Incoming ---
[u'const CV_CAP_PROP_ANDROID_WHITE_BALANCE', u'8003', [], []]
ok: CONST CV_CAP_PROP_ANDROID_WHITE_BALANCE=8003

--- Incoming ---
[u'const CV_CAP_PROP_ANDROID_ANTIBANDING', u'8004', [], []]
ok: CONST CV_CAP_PROP_ANDROID_ANTIBANDING=8004

--- Incoming ---
[u'const CV_CAP_PROP_ANDROID_FOCAL_LENGTH', u'8005', [], []]
ok: CONST CV_CAP_PROP_ANDROID_FOCAL_LENGTH=8005

--- Incoming ---
[u'const CV_CAP_PROP_ANDROID_FOCUS_DISTANCE_NEAR', u'8006', [], []]
ok: CONST CV_CAP_PROP_ANDROID_FOCUS_DISTANCE_NEAR=8006

--- Incoming ---
[u'const CV_CAP_PROP_ANDROID_FOCUS_DISTANCE_OPTIMAL', u'8007', [], []]
ok: CONST CV_CAP_PROP_ANDROID_FOCUS_DISTANCE_OPTIMAL=8007

--- Incoming ---
[u'const CV_CAP_PROP_ANDROID_FOCUS_DISTANCE_FAR', u'8008', [], []]
ok: CONST CV_CAP_PROP_ANDROID_FOCUS_DISTANCE_FAR=8008

--- Incoming ---
[u'const CV_CAP_PROP_ANDROID_EXPOSE_LOCK', u'8009', [], []]
ok: CONST CV_CAP_PROP_ANDROID_EXPOSE_LOCK=8009

--- Incoming ---
[u'const CV_CAP_PROP_ANDROID_WHITEBALANCE_LOCK', u'8010', [], []]
ok: CONST CV_CAP_PROP_ANDROID_WHITEBALANCE_LOCK=8010

--- Incoming ---
[u'const CV_CAP_PROP_IOS_DEVICE_FOCUS', u'9001', [], []]
ok: CONST CV_CAP_PROP_IOS_DEVICE_FOCUS=9001

--- Incoming ---
[u'const CV_CAP_PROP_IOS_DEVICE_EXPOSURE', u'9002', [], []]
ok: CONST CV_CAP_PROP_IOS_DEVICE_EXPOSURE=9002

--- Incoming ---
[u'const CV_CAP_PROP_IOS_DEVICE_FLASH', u'9003', [], []]
ok: CONST CV_CAP_PROP_IOS_DEVICE_FLASH=9003

--- Incoming ---
[u'const CV_CAP_PROP_IOS_DEVICE_WHITEBALANCE', u'9004', [], []]
ok: CONST CV_CAP_PROP_IOS_DEVICE_WHITEBALANCE=9004

--- Incoming ---
[u'const CV_CAP_PROP_IOS_DEVICE_TORCH', u'9005', [], []]
ok: CONST CV_CAP_PROP_IOS_DEVICE_TORCH=9005

--- Incoming ---
[u'const CV_CAP_PROP_GIGA_FRAME_OFFSET_X', u'10001', [], []]
ok: CONST CV_CAP_PROP_GIGA_FRAME_OFFSET_X=10001

--- Incoming ---
[u'const CV_CAP_PROP_GIGA_FRAME_OFFSET_Y', u'10002', [], []]
ok: CONST CV_CAP_PROP_GIGA_FRAME_OFFSET_Y=10002

--- Incoming ---
[u'const CV_CAP_PROP_GIGA_FRAME_WIDTH_MAX', u'10003', [], []]
ok: CONST CV_CAP_PROP_GIGA_FRAME_WIDTH_MAX=10003

--- Incoming ---
[u'const CV_CAP_PROP_GIGA_FRAME_HEIGH_MAX', u'10004', [], []]
ok: CONST CV_CAP_PROP_GIGA_FRAME_HEIGH_MAX=10004

--- Incoming ---
[u'const CV_CAP_PROP_GIGA_FRAME_SENS_WIDTH', u'10005', [], []]
ok: CONST CV_CAP_PROP_GIGA_FRAME_SENS_WIDTH=10005

--- Incoming ---
[u'const CV_CAP_PROP_GIGA_FRAME_SENS_HEIGH', u'10006', [], []]
ok: CONST CV_CAP_PROP_GIGA_FRAME_SENS_HEIGH=10006

--- Incoming ---
[u'const CV_CAP_PROP_INTELPERC_PROFILE_COUNT', u'11001', [], []]
ok: CONST CV_CAP_PROP_INTELPERC_PROFILE_COUNT=11001

--- Incoming ---
[u'const CV_CAP_PROP_INTELPERC_PROFILE_IDX', u'11002', [], []]
ok: CONST CV_CAP_PROP_INTELPERC_PROFILE_IDX=11002

--- Incoming ---
[u'const CV_CAP_PROP_INTELPERC_DEPTH_LOW_CONFIDENCE_VALUE', u'11003', [], []]
ok: CONST CV_CAP_PROP_INTELPERC_DEPTH_LOW_CONFIDENCE_VALUE=11003

--- Incoming ---
[u'const CV_CAP_PROP_INTELPERC_DEPTH_SATURATION_VALUE', u'11004', [], []]
ok: CONST CV_CAP_PROP_INTELPERC_DEPTH_SATURATION_VALUE=11004

--- Incoming ---
[u'const CV_CAP_PROP_INTELPERC_DEPTH_CONFIDENCE_THRESHOLD', u'11005', [], []]
ok: CONST CV_CAP_PROP_INTELPERC_DEPTH_CONFIDENCE_THRESHOLD=11005

--- Incoming ---
[u'const CV_CAP_PROP_INTELPERC_DEPTH_FOCAL_LENGTH_HORZ', u'11006', [], []]
ok: CONST CV_CAP_PROP_INTELPERC_DEPTH_FOCAL_LENGTH_HORZ=11006

--- Incoming ---
[u'const CV_CAP_PROP_INTELPERC_DEPTH_FOCAL_LENGTH_VERT', u'11007', [], []]
ok: CONST CV_CAP_PROP_INTELPERC_DEPTH_FOCAL_LENGTH_VERT=11007

--- Incoming ---
[u'const CV_CAP_INTELPERC_DEPTH_GENERATOR', u'1 << 29', [], []]
ignored: CONST CV_CAP_INTELPERC_DEPTH_GENERATOR=1 << 29

--- Incoming ---
[u'const CV_CAP_INTELPERC_IMAGE_GENERATOR', u'1 << 28', [], []]
ignored: CONST CV_CAP_INTELPERC_IMAGE_GENERATOR=1 << 28

--- Incoming ---
[   u'const CV_CAP_INTELPERC_GENERATORS_MASK',
    u'CV_CAP_INTELPERC_DEPTH_GENERATOR + CV_CAP_INTELPERC_IMAGE_GENERATOR',
    [],
    []]
ignored: CONST CV_CAP_INTELPERC_GENERATORS_MASK=CV_CAP_INTELPERC_DEPTH_GENERATOR + CV_CAP_INTELPERC_IMAGE_GENERATOR

--- Incoming ---
[u'const CV_CAP_MODE_BGR', u'0', [], []]
ok: CONST CV_CAP_MODE_BGR=0

--- Incoming ---
[u'const CV_CAP_MODE_RGB', u'1', [], []]
ok: CONST CV_CAP_MODE_RGB=1

--- Incoming ---
[u'const CV_CAP_MODE_GRAY', u'2', [], []]
ok: CONST CV_CAP_MODE_GRAY=2

--- Incoming ---
[u'const CV_CAP_MODE_YUYV', u'3', [], []]
ok: CONST CV_CAP_MODE_YUYV=3

--- Incoming ---
[u'const CV_CAP_OPENNI_DEPTH_MAP', u'0', [], []]
ignored: CONST CV_CAP_OPENNI_DEPTH_MAP=0

--- Incoming ---
[u'const CV_CAP_OPENNI_POINT_CLOUD_MAP', u'1', [], []]
ignored: CONST CV_CAP_OPENNI_POINT_CLOUD_MAP=1

--- Incoming ---
[u'const CV_CAP_OPENNI_DISPARITY_MAP', u'2', [], []]
ignored: CONST CV_CAP_OPENNI_DISPARITY_MAP=2

--- Incoming ---
[u'const CV_CAP_OPENNI_DISPARITY_MAP_32F', u'3', [], []]
ignored: CONST CV_CAP_OPENNI_DISPARITY_MAP_32F=3

--- Incoming ---
[u'const CV_CAP_OPENNI_VALID_DEPTH_MASK', u'4', [], []]
ignored: CONST CV_CAP_OPENNI_VALID_DEPTH_MASK=4

--- Incoming ---
[u'const CV_CAP_OPENNI_BGR_IMAGE', u'5', [], []]
ignored: CONST CV_CAP_OPENNI_BGR_IMAGE=5

--- Incoming ---
[u'const CV_CAP_OPENNI_GRAY_IMAGE', u'6', [], []]
ignored: CONST CV_CAP_OPENNI_GRAY_IMAGE=6

--- Incoming ---
[u'const CV_CAP_OPENNI_VGA_30HZ', u'0', [], []]
ignored: CONST CV_CAP_OPENNI_VGA_30HZ=0

--- Incoming ---
[u'const CV_CAP_OPENNI_SXGA_15HZ', u'1', [], []]
ignored: CONST CV_CAP_OPENNI_SXGA_15HZ=1

--- Incoming ---
[u'const CV_CAP_OPENNI_SXGA_30HZ', u'2', [], []]
ignored: CONST CV_CAP_OPENNI_SXGA_30HZ=2

--- Incoming ---
[u'const CV_CAP_OPENNI_QVGA_30HZ', u'3', [], []]
ignored: CONST CV_CAP_OPENNI_QVGA_30HZ=3

--- Incoming ---
[u'const CV_CAP_OPENNI_QVGA_60HZ', u'4', [], []]
ignored: CONST CV_CAP_OPENNI_QVGA_60HZ=4

--- Incoming ---
[u'const CV_CAP_INTELPERC_DEPTH_MAP', u'0', [], []]
ignored: CONST CV_CAP_INTELPERC_DEPTH_MAP=0

--- Incoming ---
[u'const CV_CAP_INTELPERC_UVDEPTH_MAP', u'1', [], []]
ignored: CONST CV_CAP_INTELPERC_UVDEPTH_MAP=1

--- Incoming ---
[u'const CV_CAP_INTELPERC_IR_MAP', u'2', [], []]
ignored: CONST CV_CAP_INTELPERC_IR_MAP=2

--- Incoming ---
[u'const CV_CAP_INTELPERC_IMAGE', u'3', [], []]
ignored: CONST CV_CAP_INTELPERC_IMAGE=3

--- Incoming ---
[u'const CV_CAP_PROP_GPHOTO2_PREVIEW', u'17001', [], []]
ok: CONST CV_CAP_PROP_GPHOTO2_PREVIEW=17001

--- Incoming ---
[u'const CV_CAP_PROP_GPHOTO2_WIDGET_ENUMERATE', u'17002', [], []]
ok: CONST CV_CAP_PROP_GPHOTO2_WIDGET_ENUMERATE=17002

--- Incoming ---
[u'const CV_CAP_PROP_GPHOTO2_RELOAD_CONFIG', u'17003', [], []]
ok: CONST CV_CAP_PROP_GPHOTO2_RELOAD_CONFIG=17003

--- Incoming ---
[u'const CV_CAP_PROP_GPHOTO2_RELOAD_ON_CHANGE', u'17004', [], []]
ok: CONST CV_CAP_PROP_GPHOTO2_RELOAD_ON_CHANGE=17004

--- Incoming ---
[u'const CV_CAP_PROP_GPHOTO2_COLLECT_MSGS', u'17005', [], []]
ok: CONST CV_CAP_PROP_GPHOTO2_COLLECT_MSGS=17005

--- Incoming ---
[u'const CV_CAP_PROP_GPHOTO2_FLUSH_MSGS', u'17006', [], []]
ok: CONST CV_CAP_PROP_GPHOTO2_FLUSH_MSGS=17006

--- Incoming ---
[u'const CV_CAP_PROP_SPEED', u'17007', [], []]
ok: CONST CV_CAP_PROP_SPEED=17007

--- Incoming ---
[u'const CV_CAP_PROP_APERTURE', u'17008', [], []]
ok: CONST CV_CAP_PROP_APERTURE=17008

--- Incoming ---
[u'const CV_CAP_PROP_EXPOSUREPROGRAM', u'17009', [], []]
ignored: CONST CV_CAP_PROP_EXPOSUREPROGRAM=17009

--- Incoming ---
[u'const CV_CAP_PROP_VIEWFINDER', u'17010', [], []]
ok: CONST CV_CAP_PROP_VIEWFINDER=17010


===== Header: /home/aydinkim/clab/opencv-3.0.0-android/modules/videoio/include/opencv2/videoio/cap_ios.h =====
Namespaces: set([''])


===== Header: /home/aydinkim/clab/opencv-3.0.0-android/modules/videoio/include/opencv2/videoio.hpp =====
Namespaces: set(['', u'cv'])

--- Incoming ---
[u'const cv.CAP_ANY', u'0', [], []]
ok: CONST CAP_ANY=0

--- Incoming ---
[u'const cv.CAP_VFW', u'200', [], []]
ok: CONST CAP_VFW=200

--- Incoming ---
[u'const cv.CAP_V4L', u'200', [], []]
ok: CONST CAP_V4L=200

--- Incoming ---
[u'const cv.CAP_V4L2', u'CAP_V4L', [], []]
ok: CONST CAP_V4L2=CAP_V4L

--- Incoming ---
[u'const cv.CAP_FIREWARE', u'300', [], []]
ok: CONST CAP_FIREWARE=300

--- Incoming ---
[u'const cv.CAP_FIREWIRE', u'CAP_FIREWARE', [], []]
ok: CONST CAP_FIREWIRE=CAP_FIREWARE

--- Incoming ---
[u'const cv.CAP_IEEE1394', u'CAP_FIREWARE', [], []]
ok: CONST CAP_IEEE1394=CAP_FIREWARE

--- Incoming ---
[u'const cv.CAP_DC1394', u'CAP_FIREWARE', [], []]
ok: CONST CAP_DC1394=CAP_FIREWARE

--- Incoming ---
[u'const cv.CAP_CMU1394', u'CAP_FIREWARE', [], []]
ok: CONST CAP_CMU1394=CAP_FIREWARE

--- Incoming ---
[u'const cv.CAP_QT', u'500', [], []]
ok: CONST CAP_QT=500

--- Incoming ---
[u'const cv.CAP_UNICAP', u'600', [], []]
ok: CONST CAP_UNICAP=600

--- Incoming ---
[u'const cv.CAP_DSHOW', u'700', [], []]
ok: CONST CAP_DSHOW=700

--- Incoming ---
[u'const cv.CAP_PVAPI', u'800', [], []]
ok: CONST CAP_PVAPI=800

--- Incoming ---
[u'const cv.CAP_OPENNI', u'900', [], []]
ok: CONST CAP_OPENNI=900

--- Incoming ---
[u'const cv.CAP_OPENNI_ASUS', u'910', [], []]
ok: CONST CAP_OPENNI_ASUS=910

--- Incoming ---
[u'const cv.CAP_ANDROID', u'1000', [], []]
ok: CONST CAP_ANDROID=1000

--- Incoming ---
[u'const cv.CAP_XIAPI', u'1100', [], []]
ok: CONST CAP_XIAPI=1100

--- Incoming ---
[u'const cv.CAP_AVFOUNDATION', u'1200', [], []]
ok: CONST CAP_AVFOUNDATION=1200

--- Incoming ---
[u'const cv.CAP_GIGANETIX', u'1300', [], []]
ok: CONST CAP_GIGANETIX=1300

--- Incoming ---
[u'const cv.CAP_MSMF', u'1400', [], []]
ok: CONST CAP_MSMF=1400

--- Incoming ---
[u'const cv.CAP_WINRT', u'1410', [], []]
ok: CONST CAP_WINRT=1410

--- Incoming ---
[u'const cv.CAP_INTELPERC', u'1500', [], []]
ok: CONST CAP_INTELPERC=1500

--- Incoming ---
[u'const cv.CAP_OPENNI2', u'1600', [], []]
ok: CONST CAP_OPENNI2=1600

--- Incoming ---
[u'const cv.CAP_OPENNI2_ASUS', u'1610', [], []]
ok: CONST CAP_OPENNI2_ASUS=1610

--- Incoming ---
[u'const cv.CAP_GPHOTO2', u'1700', [], []]
ok: CONST CAP_GPHOTO2=1700

--- Incoming ---
[u'const cv.CAP_PROP_POS_MSEC', u'0', [], []]
ok: CONST CAP_PROP_POS_MSEC=0

--- Incoming ---
[u'const cv.CAP_PROP_POS_FRAMES', u'1', [], []]
ok: CONST CAP_PROP_POS_FRAMES=1

--- Incoming ---
[u'const cv.CAP_PROP_POS_AVI_RATIO', u'2', [], []]
ok: CONST CAP_PROP_POS_AVI_RATIO=2

--- Incoming ---
[u'const cv.CAP_PROP_FRAME_WIDTH', u'3', [], []]
ok: CONST CAP_PROP_FRAME_WIDTH=3

--- Incoming ---
[u'const cv.CAP_PROP_FRAME_HEIGHT', u'4', [], []]
ok: CONST CAP_PROP_FRAME_HEIGHT=4

--- Incoming ---
[u'const cv.CAP_PROP_FPS', u'5', [], []]
ok: CONST CAP_PROP_FPS=5

--- Incoming ---
[u'const cv.CAP_PROP_FOURCC', u'6', [], []]
ok: CONST CAP_PROP_FOURCC=6

--- Incoming ---
[u'const cv.CAP_PROP_FRAME_COUNT', u'7', [], []]
ok: CONST CAP_PROP_FRAME_COUNT=7

--- Incoming ---
[u'const cv.CAP_PROP_FORMAT', u'8', [], []]
ok: CONST CAP_PROP_FORMAT=8

--- Incoming ---
[u'const cv.CAP_PROP_MODE', u'9', [], []]
ok: CONST CAP_PROP_MODE=9

--- Incoming ---
[u'const cv.CAP_PROP_BRIGHTNESS', u'10', [], []]
ok: CONST CAP_PROP_BRIGHTNESS=10

--- Incoming ---
[u'const cv.CAP_PROP_CONTRAST', u'11', [], []]
ok: CONST CAP_PROP_CONTRAST=11

--- Incoming ---
[u'const cv.CAP_PROP_SATURATION', u'12', [], []]
ok: CONST CAP_PROP_SATURATION=12

--- Incoming ---
[u'const cv.CAP_PROP_HUE', u'13', [], []]
ok: CONST CAP_PROP_HUE=13

--- Incoming ---
[u'const cv.CAP_PROP_GAIN', u'14', [], []]
ok: CONST CAP_PROP_GAIN=14

--- Incoming ---
[u'const cv.CAP_PROP_EXPOSURE', u'15', [], []]
ok: CONST CAP_PROP_EXPOSURE=15

--- Incoming ---
[u'const cv.CAP_PROP_CONVERT_RGB', u'16', [], []]
ok: CONST CAP_PROP_CONVERT_RGB=16

--- Incoming ---
[u'const cv.CAP_PROP_WHITE_BALANCE_BLUE_U', u'17', [], []]
ok: CONST CAP_PROP_WHITE_BALANCE_BLUE_U=17

--- Incoming ---
[u'const cv.CAP_PROP_RECTIFICATION', u'18', [], []]
ok: CONST CAP_PROP_RECTIFICATION=18

--- Incoming ---
[u'const cv.CAP_PROP_MONOCHROME', u'19', [], []]
ok: CONST CAP_PROP_MONOCHROME=19

--- Incoming ---
[u'const cv.CAP_PROP_SHARPNESS', u'20', [], []]
ok: CONST CAP_PROP_SHARPNESS=20

--- Incoming ---
[u'const cv.CAP_PROP_AUTO_EXPOSURE', u'21', [], []]
ok: CONST CAP_PROP_AUTO_EXPOSURE=21

--- Incoming ---
[u'const cv.CAP_PROP_GAMMA', u'22', [], []]
ok: CONST CAP_PROP_GAMMA=22

--- Incoming ---
[u'const cv.CAP_PROP_TEMPERATURE', u'23', [], []]
ok: CONST CAP_PROP_TEMPERATURE=23

--- Incoming ---
[u'const cv.CAP_PROP_TRIGGER', u'24', [], []]
ok: CONST CAP_PROP_TRIGGER=24

--- Incoming ---
[u'const cv.CAP_PROP_TRIGGER_DELAY', u'25', [], []]
ok: CONST CAP_PROP_TRIGGER_DELAY=25

--- Incoming ---
[u'const cv.CAP_PROP_WHITE_BALANCE_RED_V', u'26', [], []]
ok: CONST CAP_PROP_WHITE_BALANCE_RED_V=26

--- Incoming ---
[u'const cv.CAP_PROP_ZOOM', u'27', [], []]
ok: CONST CAP_PROP_ZOOM=27

--- Incoming ---
[u'const cv.CAP_PROP_FOCUS', u'28', [], []]
ok: CONST CAP_PROP_FOCUS=28

--- Incoming ---
[u'const cv.CAP_PROP_GUID', u'29', [], []]
ok: CONST CAP_PROP_GUID=29

--- Incoming ---
[u'const cv.CAP_PROP_ISO_SPEED', u'30', [], []]
ok: CONST CAP_PROP_ISO_SPEED=30

--- Incoming ---
[u'const cv.CAP_PROP_BACKLIGHT', u'32', [], []]
ok: CONST CAP_PROP_BACKLIGHT=32

--- Incoming ---
[u'const cv.CAP_PROP_PAN', u'33', [], []]
ok: CONST CAP_PROP_PAN=33

--- Incoming ---
[u'const cv.CAP_PROP_TILT', u'34', [], []]
ok: CONST CAP_PROP_TILT=34

--- Incoming ---
[u'const cv.CAP_PROP_ROLL', u'35', [], []]
ok: CONST CAP_PROP_ROLL=35

--- Incoming ---
[u'const cv.CAP_PROP_IRIS', u'36', [], []]
ok: CONST CAP_PROP_IRIS=36

--- Incoming ---
[u'const cv.CAP_PROP_SETTINGS', u'37', [], []]
ok: CONST CAP_PROP_SETTINGS=37

--- Incoming ---
[u'const cv.CAP_MODE_BGR', u'0', [], []]
ok: CONST CAP_MODE_BGR=0

--- Incoming ---
[u'const cv.CAP_MODE_RGB', u'1', [], []]
ok: CONST CAP_MODE_RGB=1

--- Incoming ---
[u'const cv.CAP_MODE_GRAY', u'2', [], []]
ok: CONST CAP_MODE_GRAY=2

--- Incoming ---
[u'const cv.CAP_MODE_YUYV', u'3', [], []]
ok: CONST CAP_MODE_YUYV=3

--- Incoming ---
[u'const cv.CAP_PROP_DC1394_OFF', u'-4', [], []]
ok: CONST CAP_PROP_DC1394_OFF=-4

--- Incoming ---
[u'const cv.CAP_PROP_DC1394_MODE_MANUAL', u'-3', [], []]
ok: CONST CAP_PROP_DC1394_MODE_MANUAL=-3

--- Incoming ---
[u'const cv.CAP_PROP_DC1394_MODE_AUTO', u'-2', [], []]
ok: CONST CAP_PROP_DC1394_MODE_AUTO=-2

--- Incoming ---
[u'const cv.CAP_PROP_DC1394_MODE_ONE_PUSH_AUTO', u'-1', [], []]
ok: CONST CAP_PROP_DC1394_MODE_ONE_PUSH_AUTO=-1

--- Incoming ---
[u'const cv.CAP_PROP_DC1394_MAX', u'31', [], []]
ok: CONST CAP_PROP_DC1394_MAX=31

--- Incoming ---
[u'const cv.CAP_OPENNI_DEPTH_GENERATOR', u'1 << 31', [], []]
ok: CONST CAP_OPENNI_DEPTH_GENERATOR=1 << 31

--- Incoming ---
[u'const cv.CAP_OPENNI_IMAGE_GENERATOR', u'1 << 30', [], []]
ok: CONST CAP_OPENNI_IMAGE_GENERATOR=1 << 30

--- Incoming ---
[   u'const cv.CAP_OPENNI_GENERATORS_MASK',
    u'CAP_OPENNI_DEPTH_GENERATOR + CAP_OPENNI_IMAGE_GENERATOR',
    [],
    []]
ok: CONST CAP_OPENNI_GENERATORS_MASK=CAP_OPENNI_DEPTH_GENERATOR + CAP_OPENNI_IMAGE_GENERATOR

--- Incoming ---
[u'const cv.CAP_PROP_OPENNI_OUTPUT_MODE', u'100', [], []]
ok: CONST CAP_PROP_OPENNI_OUTPUT_MODE=100

--- Incoming ---
[u'const cv.CAP_PROP_OPENNI_FRAME_MAX_DEPTH', u'101', [], []]
ok: CONST CAP_PROP_OPENNI_FRAME_MAX_DEPTH=101

--- Incoming ---
[u'const cv.CAP_PROP_OPENNI_BASELINE', u'102', [], []]
ok: CONST CAP_PROP_OPENNI_BASELINE=102

--- Incoming ---
[u'const cv.CAP_PROP_OPENNI_FOCAL_LENGTH', u'103', [], []]
ok: CONST CAP_PROP_OPENNI_FOCAL_LENGTH=103

--- Incoming ---
[u'const cv.CAP_PROP_OPENNI_REGISTRATION', u'104', [], []]
ok: CONST CAP_PROP_OPENNI_REGISTRATION=104

--- Incoming ---
[   u'const cv.CAP_PROP_OPENNI_REGISTRATION_ON',
    u'CAP_PROP_OPENNI_REGISTRATION',
    [],
    []]
ok: CONST CAP_PROP_OPENNI_REGISTRATION_ON=CAP_PROP_OPENNI_REGISTRATION

--- Incoming ---
[u'const cv.CAP_PROP_OPENNI_APPROX_FRAME_SYNC', u'105', [], []]
ok: CONST CAP_PROP_OPENNI_APPROX_FRAME_SYNC=105

--- Incoming ---
[u'const cv.CAP_PROP_OPENNI_MAX_BUFFER_SIZE', u'106', [], []]
ok: CONST CAP_PROP_OPENNI_MAX_BUFFER_SIZE=106

--- Incoming ---
[u'const cv.CAP_PROP_OPENNI_CIRCLE_BUFFER', u'107', [], []]
ok: CONST CAP_PROP_OPENNI_CIRCLE_BUFFER=107

--- Incoming ---
[u'const cv.CAP_PROP_OPENNI_MAX_TIME_DURATION', u'108', [], []]
ok: CONST CAP_PROP_OPENNI_MAX_TIME_DURATION=108

--- Incoming ---
[u'const cv.CAP_PROP_OPENNI_GENERATOR_PRESENT', u'109', [], []]
ok: CONST CAP_PROP_OPENNI_GENERATOR_PRESENT=109

--- Incoming ---
[u'const cv.CAP_PROP_OPENNI2_SYNC', u'110', [], []]
ok: CONST CAP_PROP_OPENNI2_SYNC=110

--- Incoming ---
[u'const cv.CAP_PROP_OPENNI2_MIRROR', u'111', [], []]
ok: CONST CAP_PROP_OPENNI2_MIRROR=111

--- Incoming ---
[   u'const cv.CAP_OPENNI_IMAGE_GENERATOR_PRESENT',
    u'CAP_OPENNI_IMAGE_GENERATOR + CAP_PROP_OPENNI_GENERATOR_PRESENT',
    [],
    []]
ok: CONST CAP_OPENNI_IMAGE_GENERATOR_PRESENT=CAP_OPENNI_IMAGE_GENERATOR + CAP_PROP_OPENNI_GENERATOR_PRESENT

--- Incoming ---
[   u'const cv.CAP_OPENNI_IMAGE_GENERATOR_OUTPUT_MODE',
    u'CAP_OPENNI_IMAGE_GENERATOR + CAP_PROP_OPENNI_OUTPUT_MODE',
    [],
    []]
ok: CONST CAP_OPENNI_IMAGE_GENERATOR_OUTPUT_MODE=CAP_OPENNI_IMAGE_GENERATOR + CAP_PROP_OPENNI_OUTPUT_MODE

--- Incoming ---
[   u'const cv.CAP_OPENNI_DEPTH_GENERATOR_BASELINE',
    u'CAP_OPENNI_DEPTH_GENERATOR + CAP_PROP_OPENNI_BASELINE',
    [],
    []]
ok: CONST CAP_OPENNI_DEPTH_GENERATOR_BASELINE=CAP_OPENNI_DEPTH_GENERATOR + CAP_PROP_OPENNI_BASELINE

--- Incoming ---
[   u'const cv.CAP_OPENNI_DEPTH_GENERATOR_FOCAL_LENGTH',
    u'CAP_OPENNI_DEPTH_GENERATOR + CAP_PROP_OPENNI_FOCAL_LENGTH',
    [],
    []]
ok: CONST CAP_OPENNI_DEPTH_GENERATOR_FOCAL_LENGTH=CAP_OPENNI_DEPTH_GENERATOR + CAP_PROP_OPENNI_FOCAL_LENGTH

--- Incoming ---
[   u'const cv.CAP_OPENNI_DEPTH_GENERATOR_REGISTRATION',
    u'CAP_OPENNI_DEPTH_GENERATOR + CAP_PROP_OPENNI_REGISTRATION',
    [],
    []]
ok: CONST CAP_OPENNI_DEPTH_GENERATOR_REGISTRATION=CAP_OPENNI_DEPTH_GENERATOR + CAP_PROP_OPENNI_REGISTRATION

--- Incoming ---
[   u'const cv.CAP_OPENNI_DEPTH_GENERATOR_REGISTRATION_ON',
    u'CAP_OPENNI_DEPTH_GENERATOR_REGISTRATION',
    [],
    []]
ok: CONST CAP_OPENNI_DEPTH_GENERATOR_REGISTRATION_ON=CAP_OPENNI_DEPTH_GENERATOR_REGISTRATION

--- Incoming ---
[u'const cv.CAP_OPENNI_DEPTH_MAP', u'0', [], []]
ok: CONST CAP_OPENNI_DEPTH_MAP=0

--- Incoming ---
[u'const cv.CAP_OPENNI_POINT_CLOUD_MAP', u'1', [], []]
ok: CONST CAP_OPENNI_POINT_CLOUD_MAP=1

--- Incoming ---
[u'const cv.CAP_OPENNI_DISPARITY_MAP', u'2', [], []]
ok: CONST CAP_OPENNI_DISPARITY_MAP=2

--- Incoming ---
[u'const cv.CAP_OPENNI_DISPARITY_MAP_32F', u'3', [], []]
ok: CONST CAP_OPENNI_DISPARITY_MAP_32F=3

--- Incoming ---
[u'const cv.CAP_OPENNI_VALID_DEPTH_MASK', u'4', [], []]
ok: CONST CAP_OPENNI_VALID_DEPTH_MASK=4

--- Incoming ---
[u'const cv.CAP_OPENNI_BGR_IMAGE', u'5', [], []]
ok: CONST CAP_OPENNI_BGR_IMAGE=5

--- Incoming ---
[u'const cv.CAP_OPENNI_GRAY_IMAGE', u'6', [], []]
ok: CONST CAP_OPENNI_GRAY_IMAGE=6

--- Incoming ---
[u'const cv.CAP_OPENNI_VGA_30HZ', u'0', [], []]
ok: CONST CAP_OPENNI_VGA_30HZ=0

--- Incoming ---
[u'const cv.CAP_OPENNI_SXGA_15HZ', u'1', [], []]
ok: CONST CAP_OPENNI_SXGA_15HZ=1

--- Incoming ---
[u'const cv.CAP_OPENNI_SXGA_30HZ', u'2', [], []]
ok: CONST CAP_OPENNI_SXGA_30HZ=2

--- Incoming ---
[u'const cv.CAP_OPENNI_QVGA_30HZ', u'3', [], []]
ok: CONST CAP_OPENNI_QVGA_30HZ=3

--- Incoming ---
[u'const cv.CAP_OPENNI_QVGA_60HZ', u'4', [], []]
ok: CONST CAP_OPENNI_QVGA_60HZ=4

--- Incoming ---
[u'const cv.CAP_PROP_GSTREAMER_QUEUE_LENGTH', u'200', [], []]
ok: CONST CAP_PROP_GSTREAMER_QUEUE_LENGTH=200

--- Incoming ---
[u'const cv.CAP_PROP_PVAPI_MULTICASTIP', u'300', [], []]
ok: CONST CAP_PROP_PVAPI_MULTICASTIP=300

--- Incoming ---
[u'const cv.CAP_PROP_PVAPI_FRAMESTARTTRIGGERMODE', u'301', [], []]
ok: CONST CAP_PROP_PVAPI_FRAMESTARTTRIGGERMODE=301

--- Incoming ---
[u'const cv.CAP_PROP_PVAPI_DECIMATIONHORIZONTAL', u'302', [], []]
ok: CONST CAP_PROP_PVAPI_DECIMATIONHORIZONTAL=302

--- Incoming ---
[u'const cv.CAP_PROP_PVAPI_DECIMATIONVERTICAL', u'303', [], []]
ok: CONST CAP_PROP_PVAPI_DECIMATIONVERTICAL=303

--- Incoming ---
[u'const cv.CAP_PROP_PVAPI_BINNINGX', u'304', [], []]
ok: CONST CAP_PROP_PVAPI_BINNINGX=304

--- Incoming ---
[u'const cv.CAP_PROP_PVAPI_BINNINGY', u'305', [], []]
ok: CONST CAP_PROP_PVAPI_BINNINGY=305

--- Incoming ---
[u'const cv.CAP_PROP_PVAPI_PIXELFORMAT', u'306', [], []]
ok: CONST CAP_PROP_PVAPI_PIXELFORMAT=306

--- Incoming ---
[u'const cv.CAP_PVAPI_FSTRIGMODE_FREERUN', u'0', [], []]
ok: CONST CAP_PVAPI_FSTRIGMODE_FREERUN=0

--- Incoming ---
[u'const cv.CAP_PVAPI_FSTRIGMODE_SYNCIN1', u'1', [], []]
ok: CONST CAP_PVAPI_FSTRIGMODE_SYNCIN1=1

--- Incoming ---
[u'const cv.CAP_PVAPI_FSTRIGMODE_SYNCIN2', u'2', [], []]
ok: CONST CAP_PVAPI_FSTRIGMODE_SYNCIN2=2

--- Incoming ---
[u'const cv.CAP_PVAPI_FSTRIGMODE_FIXEDRATE', u'3', [], []]
ok: CONST CAP_PVAPI_FSTRIGMODE_FIXEDRATE=3

--- Incoming ---
[u'const cv.CAP_PVAPI_FSTRIGMODE_SOFTWARE', u'4', [], []]
ok: CONST CAP_PVAPI_FSTRIGMODE_SOFTWARE=4

--- Incoming ---
[u'const cv.CAP_PVAPI_DECIMATION_OFF', u'1', [], []]
ok: CONST CAP_PVAPI_DECIMATION_OFF=1

--- Incoming ---
[u'const cv.CAP_PVAPI_DECIMATION_2OUTOF4', u'2', [], []]
ok: CONST CAP_PVAPI_DECIMATION_2OUTOF4=2

--- Incoming ---
[u'const cv.CAP_PVAPI_DECIMATION_2OUTOF8', u'4', [], []]
ok: CONST CAP_PVAPI_DECIMATION_2OUTOF8=4

--- Incoming ---
[u'const cv.CAP_PVAPI_DECIMATION_2OUTOF16', u'8', [], []]
ok: CONST CAP_PVAPI_DECIMATION_2OUTOF16=8

--- Incoming ---
[u'const cv.CAP_PVAPI_PIXELFORMAT_MONO8', u'1', [], []]
ok: CONST CAP_PVAPI_PIXELFORMAT_MONO8=1

--- Incoming ---
[u'const cv.CAP_PVAPI_PIXELFORMAT_MONO16', u'2', [], []]
ok: CONST CAP_PVAPI_PIXELFORMAT_MONO16=2

--- Incoming ---
[u'const cv.CAP_PVAPI_PIXELFORMAT_BAYER8', u'3', [], []]
ok: CONST CAP_PVAPI_PIXELFORMAT_BAYER8=3

--- Incoming ---
[u'const cv.CAP_PVAPI_PIXELFORMAT_BAYER16', u'4', [], []]
ok: CONST CAP_PVAPI_PIXELFORMAT_BAYER16=4

--- Incoming ---
[u'const cv.CAP_PVAPI_PIXELFORMAT_RGB24', u'5', [], []]
ok: CONST CAP_PVAPI_PIXELFORMAT_RGB24=5

--- Incoming ---
[u'const cv.CAP_PVAPI_PIXELFORMAT_BGR24', u'6', [], []]
ok: CONST CAP_PVAPI_PIXELFORMAT_BGR24=6

--- Incoming ---
[u'const cv.CAP_PVAPI_PIXELFORMAT_RGBA32', u'7', [], []]
ok: CONST CAP_PVAPI_PIXELFORMAT_RGBA32=7

--- Incoming ---
[u'const cv.CAP_PVAPI_PIXELFORMAT_BGRA32', u'8', [], []]
ok: CONST CAP_PVAPI_PIXELFORMAT_BGRA32=8

--- Incoming ---
[u'const cv.CAP_PROP_XI_DOWNSAMPLING', u'400', [], []]
ok: CONST CAP_PROP_XI_DOWNSAMPLING=400

--- Incoming ---
[u'const cv.CAP_PROP_XI_DATA_FORMAT', u'401', [], []]
ok: CONST CAP_PROP_XI_DATA_FORMAT=401

--- Incoming ---
[u'const cv.CAP_PROP_XI_OFFSET_X', u'402', [], []]
ok: CONST CAP_PROP_XI_OFFSET_X=402

--- Incoming ---
[u'const cv.CAP_PROP_XI_OFFSET_Y', u'403', [], []]
ok: CONST CAP_PROP_XI_OFFSET_Y=403

--- Incoming ---
[u'const cv.CAP_PROP_XI_TRG_SOURCE', u'404', [], []]
ok: CONST CAP_PROP_XI_TRG_SOURCE=404

--- Incoming ---
[u'const cv.CAP_PROP_XI_TRG_SOFTWARE', u'405', [], []]
ok: CONST CAP_PROP_XI_TRG_SOFTWARE=405

--- Incoming ---
[u'const cv.CAP_PROP_XI_GPI_SELECTOR', u'406', [], []]
ok: CONST CAP_PROP_XI_GPI_SELECTOR=406

--- Incoming ---
[u'const cv.CAP_PROP_XI_GPI_MODE', u'407', [], []]
ok: CONST CAP_PROP_XI_GPI_MODE=407

--- Incoming ---
[u'const cv.CAP_PROP_XI_GPI_LEVEL', u'408', [], []]
ok: CONST CAP_PROP_XI_GPI_LEVEL=408

--- Incoming ---
[u'const cv.CAP_PROP_XI_GPO_SELECTOR', u'409', [], []]
ok: CONST CAP_PROP_XI_GPO_SELECTOR=409

--- Incoming ---
[u'const cv.CAP_PROP_XI_GPO_MODE', u'410', [], []]
ok: CONST CAP_PROP_XI_GPO_MODE=410

--- Incoming ---
[u'const cv.CAP_PROP_XI_LED_SELECTOR', u'411', [], []]
ok: CONST CAP_PROP_XI_LED_SELECTOR=411

--- Incoming ---
[u'const cv.CAP_PROP_XI_LED_MODE', u'412', [], []]
ok: CONST CAP_PROP_XI_LED_MODE=412

--- Incoming ---
[u'const cv.CAP_PROP_XI_MANUAL_WB', u'413', [], []]
ok: CONST CAP_PROP_XI_MANUAL_WB=413

--- Incoming ---
[u'const cv.CAP_PROP_XI_AUTO_WB', u'414', [], []]
ok: CONST CAP_PROP_XI_AUTO_WB=414

--- Incoming ---
[u'const cv.CAP_PROP_XI_AEAG', u'415', [], []]
ok: CONST CAP_PROP_XI_AEAG=415

--- Incoming ---
[u'const cv.CAP_PROP_XI_EXP_PRIORITY', u'416', [], []]
ok: CONST CAP_PROP_XI_EXP_PRIORITY=416

--- Incoming ---
[u'const cv.CAP_PROP_XI_AE_MAX_LIMIT', u'417', [], []]
ok: CONST CAP_PROP_XI_AE_MAX_LIMIT=417

--- Incoming ---
[u'const cv.CAP_PROP_XI_AG_MAX_LIMIT', u'418', [], []]
ok: CONST CAP_PROP_XI_AG_MAX_LIMIT=418

--- Incoming ---
[u'const cv.CAP_PROP_XI_AEAG_LEVEL', u'419', [], []]
ok: CONST CAP_PROP_XI_AEAG_LEVEL=419

--- Incoming ---
[u'const cv.CAP_PROP_XI_TIMEOUT', u'420', [], []]
ok: CONST CAP_PROP_XI_TIMEOUT=420

--- Incoming ---
[u'const cv.CAP_PROP_IOS_DEVICE_FOCUS', u'9001', [], []]
ok: CONST CAP_PROP_IOS_DEVICE_FOCUS=9001

--- Incoming ---
[u'const cv.CAP_PROP_IOS_DEVICE_EXPOSURE', u'9002', [], []]
ok: CONST CAP_PROP_IOS_DEVICE_EXPOSURE=9002

--- Incoming ---
[u'const cv.CAP_PROP_IOS_DEVICE_FLASH', u'9003', [], []]
ok: CONST CAP_PROP_IOS_DEVICE_FLASH=9003

--- Incoming ---
[u'const cv.CAP_PROP_IOS_DEVICE_WHITEBALANCE', u'9004', [], []]
ok: CONST CAP_PROP_IOS_DEVICE_WHITEBALANCE=9004

--- Incoming ---
[u'const cv.CAP_PROP_IOS_DEVICE_TORCH', u'9005', [], []]
ok: CONST CAP_PROP_IOS_DEVICE_TORCH=9005

--- Incoming ---
[u'const cv.CAP_PROP_GIGA_FRAME_OFFSET_X', u'10001', [], []]
ok: CONST CAP_PROP_GIGA_FRAME_OFFSET_X=10001

--- Incoming ---
[u'const cv.CAP_PROP_GIGA_FRAME_OFFSET_Y', u'10002', [], []]
ok: CONST CAP_PROP_GIGA_FRAME_OFFSET_Y=10002

--- Incoming ---
[u'const cv.CAP_PROP_GIGA_FRAME_WIDTH_MAX', u'10003', [], []]
ok: CONST CAP_PROP_GIGA_FRAME_WIDTH_MAX=10003

--- Incoming ---
[u'const cv.CAP_PROP_GIGA_FRAME_HEIGH_MAX', u'10004', [], []]
ok: CONST CAP_PROP_GIGA_FRAME_HEIGH_MAX=10004

--- Incoming ---
[u'const cv.CAP_PROP_GIGA_FRAME_SENS_WIDTH', u'10005', [], []]
ok: CONST CAP_PROP_GIGA_FRAME_SENS_WIDTH=10005

--- Incoming ---
[u'const cv.CAP_PROP_GIGA_FRAME_SENS_HEIGH', u'10006', [], []]
ok: CONST CAP_PROP_GIGA_FRAME_SENS_HEIGH=10006

--- Incoming ---
[u'const cv.CAP_PROP_INTELPERC_PROFILE_COUNT', u'11001', [], []]
ok: CONST CAP_PROP_INTELPERC_PROFILE_COUNT=11001

--- Incoming ---
[u'const cv.CAP_PROP_INTELPERC_PROFILE_IDX', u'11002', [], []]
ok: CONST CAP_PROP_INTELPERC_PROFILE_IDX=11002

--- Incoming ---
[u'const cv.CAP_PROP_INTELPERC_DEPTH_LOW_CONFIDENCE_VALUE', u'11003', [], []]
ok: CONST CAP_PROP_INTELPERC_DEPTH_LOW_CONFIDENCE_VALUE=11003

--- Incoming ---
[u'const cv.CAP_PROP_INTELPERC_DEPTH_SATURATION_VALUE', u'11004', [], []]
ok: CONST CAP_PROP_INTELPERC_DEPTH_SATURATION_VALUE=11004

--- Incoming ---
[u'const cv.CAP_PROP_INTELPERC_DEPTH_CONFIDENCE_THRESHOLD', u'11005', [], []]
ok: CONST CAP_PROP_INTELPERC_DEPTH_CONFIDENCE_THRESHOLD=11005

--- Incoming ---
[u'const cv.CAP_PROP_INTELPERC_DEPTH_FOCAL_LENGTH_HORZ', u'11006', [], []]
ok: CONST CAP_PROP_INTELPERC_DEPTH_FOCAL_LENGTH_HORZ=11006

--- Incoming ---
[u'const cv.CAP_PROP_INTELPERC_DEPTH_FOCAL_LENGTH_VERT', u'11007', [], []]
ok: CONST CAP_PROP_INTELPERC_DEPTH_FOCAL_LENGTH_VERT=11007

--- Incoming ---
[u'const cv.CAP_INTELPERC_DEPTH_GENERATOR', u'1 << 29', [], []]
ok: CONST CAP_INTELPERC_DEPTH_GENERATOR=1 << 29

--- Incoming ---
[u'const cv.CAP_INTELPERC_IMAGE_GENERATOR', u'1 << 28', [], []]
ok: CONST CAP_INTELPERC_IMAGE_GENERATOR=1 << 28

--- Incoming ---
[   u'const cv.CAP_INTELPERC_GENERATORS_MASK',
    u'CAP_INTELPERC_DEPTH_GENERATOR + CAP_INTELPERC_IMAGE_GENERATOR',
    [],
    []]
ok: CONST CAP_INTELPERC_GENERATORS_MASK=CAP_INTELPERC_DEPTH_GENERATOR + CAP_INTELPERC_IMAGE_GENERATOR

--- Incoming ---
[u'const cv.CAP_INTELPERC_DEPTH_MAP', u'0', [], []]
ok: CONST CAP_INTELPERC_DEPTH_MAP=0

--- Incoming ---
[u'const cv.CAP_INTELPERC_UVDEPTH_MAP', u'1', [], []]
ok: CONST CAP_INTELPERC_UVDEPTH_MAP=1

--- Incoming ---
[u'const cv.CAP_INTELPERC_IR_MAP', u'2', [], []]
ok: CONST CAP_INTELPERC_IR_MAP=2

--- Incoming ---
[u'const cv.CAP_INTELPERC_IMAGE', u'3', [], []]
ok: CONST CAP_INTELPERC_IMAGE=3

--- Incoming ---
[u'const cv.VIDEOWRITER_PROP_QUALITY', u'1', [], []]
ok: CONST VIDEOWRITER_PROP_QUALITY=1

--- Incoming ---
[u'const cv.VIDEOWRITER_PROP_FRAMEBYTES', u'2', [], []]
ok: CONST VIDEOWRITER_PROP_FRAMEBYTES=2

--- Incoming ---
[u'const cv.CAP_PROP_GPHOTO2_PREVIEW', u'17001', [], []]
ok: CONST CAP_PROP_GPHOTO2_PREVIEW=17001

--- Incoming ---
[u'const cv.CAP_PROP_GPHOTO2_WIDGET_ENUMERATE', u'17002', [], []]
ok: CONST CAP_PROP_GPHOTO2_WIDGET_ENUMERATE=17002

--- Incoming ---
[u'const cv.CAP_PROP_GPHOTO2_RELOAD_CONFIG', u'17003', [], []]
ok: CONST CAP_PROP_GPHOTO2_RELOAD_CONFIG=17003

--- Incoming ---
[u'const cv.CAP_PROP_GPHOTO2_RELOAD_ON_CHANGE', u'17004', [], []]
ok: CONST CAP_PROP_GPHOTO2_RELOAD_ON_CHANGE=17004

--- Incoming ---
[u'const cv.CAP_PROP_GPHOTO2_COLLECT_MSGS', u'17005', [], []]
ok: CONST CAP_PROP_GPHOTO2_COLLECT_MSGS=17005

--- Incoming ---
[u'const cv.CAP_PROP_GPHOTO2_FLUSH_MSGS', u'17006', [], []]
ok: CONST CAP_PROP_GPHOTO2_FLUSH_MSGS=17006

--- Incoming ---
[u'const cv.CAP_PROP_SPEED', u'17007', [], []]
ok: CONST CAP_PROP_SPEED=17007

--- Incoming ---
[u'const cv.CAP_PROP_APERTURE', u'17008', [], []]
ok: CONST CAP_PROP_APERTURE=17008

--- Incoming ---
[u'const cv.CAP_PROP_EXPOSUREPROGRAM', u'17009', [], []]
ok: CONST CAP_PROP_EXPOSUREPROGRAM=17009

--- Incoming ---
[u'const cv.CAP_PROP_VIEWFINDER', u'17010', [], []]
ok: CONST CAP_PROP_VIEWFINDER=17010

--- Incoming ---
[u'class cv.VideoCapture', '', [], []]
ok: CLASS cv..VideoCapture : 

--- Incoming ---
[u'cv.VideoCapture.VideoCapture', '', [], []]
ok: FUNC < cv.VideoCapture.VideoCapture []>

--- Incoming ---
[u'cv.VideoCapture.VideoCapture', '', [], [[u'String', u'filename', u'', []]]]
ok: FUNC < cv.VideoCapture.VideoCapture [ARG String filename=]>

--- Incoming ---
[u'cv.VideoCapture.VideoCapture', '', [], [[u'int', u'device', u'', []]]]
ok: FUNC < cv.VideoCapture.VideoCapture [ARG int device=]>

--- Incoming ---
[   u'cv.VideoCapture.open',
    u'bool',
    [],
    [[u'String', u'filename', u'', []]],
    u'bool']
ok: FUNC <bool cv.VideoCapture.open [ARG String filename=]>

--- Incoming ---
[u'cv.VideoCapture.open', u'bool', [], [[u'int', u'device', u'', []]], u'bool']
ok: FUNC <bool cv.VideoCapture.open [ARG int device=]>

--- Incoming ---
[u'cv.VideoCapture.isOpened', u'bool', [], [], u'bool']
ok: FUNC <bool cv.VideoCapture.isOpened []>

--- Incoming ---
[u'cv.VideoCapture.release', u'void', [], [], u'void']
ok: FUNC <void cv.VideoCapture.release []>

--- Incoming ---
[u'cv.VideoCapture.grab', u'bool', [], [], u'bool']
ok: FUNC <bool cv.VideoCapture.grab []>

--- Incoming ---
[   u'cv.VideoCapture.retrieve',
    u'bool',
    [],
    [['Mat', u'image', '', ['/O']], [u'int', u'flag', u'0', []]],
    u'bool']
ok: FUNC <bool cv.VideoCapture.retrieve [ARG Mat image=, ARG int flag=0]>

--- Incoming ---
[   u'cv.VideoCapture.read',
    u'bool',
    [],
    [['Mat', u'image', '', ['/O']]],
    u'bool']
ok: FUNC <bool cv.VideoCapture.read [ARG Mat image=]>

--- Incoming ---
[   u'cv.VideoCapture.set',
    u'bool',
    [],
    [[u'int', u'propId', u'', []], [u'double', u'value', u'', []]],
    u'bool']
ok: FUNC <bool cv.VideoCapture.set [ARG int propId=, ARG double value=]>

--- Incoming ---
[   u'cv.VideoCapture.get',
    u'double',
    [],
    [[u'int', u'propId', u'', []]],
    u'double']
ok: FUNC <double cv.VideoCapture.get [ARG int propId=]>

--- Incoming ---
[u'class cv.VideoWriter', '', [], []]
ignored: CLASS cv..VideoWriter : 

--- Incoming ---
[u'cv.VideoWriter.VideoWriter', '', [], []]
ignored: FUNC < cv.VideoWriter.VideoWriter []>

--- Incoming ---
[   u'cv.VideoWriter.VideoWriter',
    '',
    [],
    [   [u'String', u'filename', u'', []],
        [u'int', u'fourcc', u'', []],
        [u'double', u'fps', u'', []],
        [u'Size', u'frameSize', u'', []],
        [u'bool', u'isColor', u'true', []]]]
ignored: FUNC < cv.VideoWriter.VideoWriter [ARG String filename=, ARG int fourcc=, ARG double fps=, ARG Size frameSize=, ARG bool isColor=true]>

--- Incoming ---
[   u'cv.VideoWriter.open',
    u'bool',
    [],
    [   [u'String', u'filename', u'', []],
        [u'int', u'fourcc', u'', []],
        [u'double', u'fps', u'', []],
        [u'Size', u'frameSize', u'', []],
        [u'bool', u'isColor', u'true', []]],
    u'bool']
ignored: FUNC <bool cv.VideoWriter.open [ARG String filename=, ARG int fourcc=, ARG double fps=, ARG Size frameSize=, ARG bool isColor=true]>

--- Incoming ---
[u'cv.VideoWriter.isOpened', u'bool', [], [], u'bool']
ignored: FUNC <bool cv.VideoWriter.isOpened []>

--- Incoming ---
[u'cv.VideoWriter.release', u'void', [], [], u'void']
ignored: FUNC <void cv.VideoWriter.release []>

--- Incoming ---
[u'cv.VideoWriter.write', u'void', [], [[u'Mat', u'image', u'', []]], u'void']
ignored: FUNC <void cv.VideoWriter.write [ARG Mat image=]>

--- Incoming ---
[   u'cv.VideoWriter.set',
    u'bool',
    [],
    [[u'int', u'propId', u'', []], [u'double', u'value', u'', []]],
    u'bool']
ignored: FUNC <bool cv.VideoWriter.set [ARG int propId=, ARG double value=]>

--- Incoming ---
[   u'cv.VideoWriter.get',
    u'double',
    [],
    [[u'int', u'propId', u'', []]],
    u'double']
ignored: FUNC <double cv.VideoWriter.get [ARG int propId=]>

--- Incoming ---
[   u'cv.VideoWriter.fourcc',
    u'int',
    ['/S'],
    [   [u'char', u'c1', u'', []],
        [u'char', u'c2', u'', []],
        [u'char', u'c3', u'', []],
        [u'char', u'c4', u'', []]],
    u'int']
ignored: FUNC <int cv.VideoWriter.fourcc [ARG char c1=, ARG char c2=, ARG char c3=, ARG char c4=]>


===== Header: /home/aydinkim/clab/opencv-3.0.0-android/modules/videoio/include/opencv2/videoio/videoio.hpp =====
Namespaces: set(['', u'cv'])


===== Generating... =====
CLASS ..Videoio : 
[CONST CV_CAP_MSMF=1400, CONST CV_CAP_ANDROID=1000, CONST CV_CAP_ANDROID_BACK=CV_CAP_ANDROID+99, CONST CV_CAP_ANDROID_FRONT=CV_CAP_ANDROID+98, CONST CV_CAP_XIAPI=1100, CONST CV_CAP_AVFOUNDATION=1200, CONST CV_CAP_GIGANETIX=1300, CONST CV_CAP_GPHOTO2=1700, CONST CV_CAP_PROP_FRAME_WIDTH=3, CONST CV_CAP_PROP_FRAME_HEIGHT=4, CONST CV_CAP_PROP_ZOOM=27, CONST CV_CAP_PROP_FOCUS=28, CONST CV_CAP_PROP_GUID=29, CONST CV_CAP_PROP_ISO_SPEED=30, CONST CV_CAP_PROP_BACKLIGHT=32, CONST CV_CAP_PROP_PAN=33, CONST CV_CAP_PROP_TILT=34, CONST CV_CAP_PROP_ROLL=35, CONST CV_CAP_PROP_IRIS=36, CONST CV_CAP_PROP_SETTINGS=37, CONST CV_CAP_PROP_BUFFERSIZE=38, CONST CV_CAP_PROP_AUTOGRAB=1024, CONST CV_CAP_PROP_PREVIEW_FORMAT=1026, CONST CV_CAP_PROP_OPENNI2_SYNC=110, CONST CV_CAP_PROP_OPENNI2_MIRROR=111, CONST CV_CAP_PROP_PVAPI_FRAMESTARTTRIGGERMODE=301, CONST CV_CAP_PROP_PVAPI_DECIMATIONHORIZONTAL=302, CONST CV_CAP_PROP_PVAPI_DECIMATIONVERTICAL=303, CONST CV_CAP_PROP_PVAPI_BINNINGX=304, CONST CV_CAP_PROP_PVAPI_BINNINGY=305, CONST CV_CAP_PROP_PVAPI_PIXELFORMAT=306, CONST CV_CAP_PROP_XI_DOWNSAMPLING=400, CONST CV_CAP_PROP_XI_DATA_FORMAT=401, CONST CV_CAP_PROP_XI_OFFSET_X=402, CONST CV_CAP_PROP_XI_OFFSET_Y=403, CONST CV_CAP_PROP_XI_TRG_SOURCE=404, CONST CV_CAP_PROP_XI_TRG_SOFTWARE=405, CONST CV_CAP_PROP_XI_GPI_SELECTOR=406, CONST CV_CAP_PROP_XI_GPI_MODE=407, CONST CV_CAP_PROP_XI_GPI_LEVEL=408, CONST CV_CAP_PROP_XI_GPO_SELECTOR=409, CONST CV_CAP_PROP_XI_GPO_MODE=410, CONST CV_CAP_PROP_XI_LED_SELECTOR=411, CONST CV_CAP_PROP_XI_LED_MODE=412, CONST CV_CAP_PROP_XI_MANUAL_WB=413, CONST CV_CAP_PROP_XI_AUTO_WB=414, CONST CV_CAP_PROP_XI_AEAG=415, CONST CV_CAP_PROP_XI_EXP_PRIORITY=416, CONST CV_CAP_PROP_XI_AE_MAX_LIMIT=417, CONST CV_CAP_PROP_XI_AG_MAX_LIMIT=418, CONST CV_CAP_PROP_XI_AEAG_LEVEL=419, CONST CV_CAP_PROP_XI_TIMEOUT=420, CONST CV_CAP_PROP_ANDROID_FLASH_MODE=8001, CONST CV_CAP_PROP_ANDROID_FOCUS_MODE=8002, CONST CV_CAP_PROP_ANDROID_WHITE_BALANCE=8003, CONST CV_CAP_PROP_ANDROID_ANTIBANDING=8004, CONST CV_CAP_PROP_ANDROID_FOCAL_LENGTH=8005, CONST CV_CAP_PROP_ANDROID_FOCUS_DISTANCE_NEAR=8006, CONST CV_CAP_PROP_ANDROID_FOCUS_DISTANCE_OPTIMAL=8007, CONST CV_CAP_PROP_ANDROID_FOCUS_DISTANCE_FAR=8008, CONST CV_CAP_PROP_ANDROID_EXPOSE_LOCK=8009, CONST CV_CAP_PROP_ANDROID_WHITEBALANCE_LOCK=8010, CONST CV_CAP_PROP_IOS_DEVICE_FOCUS=9001, CONST CV_CAP_PROP_IOS_DEVICE_EXPOSURE=9002, CONST CV_CAP_PROP_IOS_DEVICE_FLASH=9003, CONST CV_CAP_PROP_IOS_DEVICE_WHITEBALANCE=9004, CONST CV_CAP_PROP_IOS_DEVICE_TORCH=9005, CONST CV_CAP_PROP_GIGA_FRAME_OFFSET_X=10001, CONST CV_CAP_PROP_GIGA_FRAME_OFFSET_Y=10002, CONST CV_CAP_PROP_GIGA_FRAME_WIDTH_MAX=10003, CONST CV_CAP_PROP_GIGA_FRAME_HEIGH_MAX=10004, CONST CV_CAP_PROP_GIGA_FRAME_SENS_WIDTH=10005, CONST CV_CAP_PROP_GIGA_FRAME_SENS_HEIGH=10006, CONST CV_CAP_PROP_INTELPERC_PROFILE_COUNT=11001, CONST CV_CAP_PROP_INTELPERC_PROFILE_IDX=11002, CONST CV_CAP_PROP_INTELPERC_DEPTH_LOW_CONFIDENCE_VALUE=11003, CONST CV_CAP_PROP_INTELPERC_DEPTH_SATURATION_VALUE=11004, CONST CV_CAP_PROP_INTELPERC_DEPTH_CONFIDENCE_THRESHOLD=11005, CONST CV_CAP_PROP_INTELPERC_DEPTH_FOCAL_LENGTH_HORZ=11006, CONST CV_CAP_PROP_INTELPERC_DEPTH_FOCAL_LENGTH_VERT=11007, CONST CV_CAP_MODE_BGR=0, CONST CV_CAP_MODE_RGB=1, CONST CV_CAP_MODE_GRAY=2, CONST CV_CAP_MODE_YUYV=3, CONST CV_CAP_PROP_GPHOTO2_PREVIEW=17001, CONST CV_CAP_PROP_GPHOTO2_WIDGET_ENUMERATE=17002, CONST CV_CAP_PROP_GPHOTO2_RELOAD_CONFIG=17003, CONST CV_CAP_PROP_GPHOTO2_RELOAD_ON_CHANGE=17004, CONST CV_CAP_PROP_GPHOTO2_COLLECT_MSGS=17005, CONST CV_CAP_PROP_GPHOTO2_FLUSH_MSGS=17006, CONST CV_CAP_PROP_SPEED=17007, CONST CV_CAP_PROP_APERTURE=17008, CONST CV_CAP_PROP_VIEWFINDER=17010, CONST CAP_ANY=0, CONST CAP_VFW=200, CONST CAP_V4L=200, CONST CAP_V4L2=CAP_V4L, CONST CAP_FIREWARE=300, CONST CAP_FIREWIRE=CAP_FIREWARE, CONST CAP_IEEE1394=CAP_FIREWARE, CONST CAP_DC1394=CAP_FIREWARE, CONST CAP_CMU1394=CAP_FIREWARE, CONST CAP_QT=500, CONST CAP_UNICAP=600, CONST CAP_DSHOW=700, CONST CAP_PVAPI=800, CONST CAP_OPENNI=900, CONST CAP_OPENNI_ASUS=910, CONST CAP_ANDROID=1000, CONST CAP_XIAPI=1100, CONST CAP_AVFOUNDATION=1200, CONST CAP_GIGANETIX=1300, CONST CAP_MSMF=1400, CONST CAP_WINRT=1410, CONST CAP_INTELPERC=1500, CONST CAP_OPENNI2=1600, CONST CAP_OPENNI2_ASUS=1610, CONST CAP_GPHOTO2=1700, CONST CAP_PROP_POS_MSEC=0, CONST CAP_PROP_POS_FRAMES=1, CONST CAP_PROP_POS_AVI_RATIO=2, CONST CAP_PROP_FRAME_WIDTH=3, CONST CAP_PROP_FRAME_HEIGHT=4, CONST CAP_PROP_FPS=5, CONST CAP_PROP_FOURCC=6, CONST CAP_PROP_FRAME_COUNT=7, CONST CAP_PROP_FORMAT=8, CONST CAP_PROP_MODE=9, CONST CAP_PROP_BRIGHTNESS=10, CONST CAP_PROP_CONTRAST=11, CONST CAP_PROP_SATURATION=12, CONST CAP_PROP_HUE=13, CONST CAP_PROP_GAIN=14, CONST CAP_PROP_EXPOSURE=15, CONST CAP_PROP_CONVERT_RGB=16, CONST CAP_PROP_WHITE_BALANCE_BLUE_U=17, CONST CAP_PROP_RECTIFICATION=18, CONST CAP_PROP_MONOCHROME=19, CONST CAP_PROP_SHARPNESS=20, CONST CAP_PROP_AUTO_EXPOSURE=21, CONST CAP_PROP_GAMMA=22, CONST CAP_PROP_TEMPERATURE=23, CONST CAP_PROP_TRIGGER=24, CONST CAP_PROP_TRIGGER_DELAY=25, CONST CAP_PROP_WHITE_BALANCE_RED_V=26, CONST CAP_PROP_ZOOM=27, CONST CAP_PROP_FOCUS=28, CONST CAP_PROP_GUID=29, CONST CAP_PROP_ISO_SPEED=30, CONST CAP_PROP_BACKLIGHT=32, CONST CAP_PROP_PAN=33, CONST CAP_PROP_TILT=34, CONST CAP_PROP_ROLL=35, CONST CAP_PROP_IRIS=36, CONST CAP_PROP_SETTINGS=37, CONST CAP_MODE_BGR=0, CONST CAP_MODE_RGB=1, CONST CAP_MODE_GRAY=2, CONST CAP_MODE_YUYV=3, CONST CAP_PROP_DC1394_OFF=-4, CONST CAP_PROP_DC1394_MODE_MANUAL=-3, CONST CAP_PROP_DC1394_MODE_AUTO=-2, CONST CAP_PROP_DC1394_MODE_ONE_PUSH_AUTO=-1, CONST CAP_PROP_DC1394_MAX=31, CONST CAP_OPENNI_DEPTH_GENERATOR=1 << 31, CONST CAP_OPENNI_IMAGE_GENERATOR=1 << 30, CONST CAP_OPENNI_GENERATORS_MASK=CAP_OPENNI_DEPTH_GENERATOR + CAP_OPENNI_IMAGE_GENERATOR, CONST CAP_PROP_OPENNI_OUTPUT_MODE=100, CONST CAP_PROP_OPENNI_FRAME_MAX_DEPTH=101, CONST CAP_PROP_OPENNI_BASELINE=102, CONST CAP_PROP_OPENNI_FOCAL_LENGTH=103, CONST CAP_PROP_OPENNI_REGISTRATION=104, CONST CAP_PROP_OPENNI_REGISTRATION_ON=CAP_PROP_OPENNI_REGISTRATION, CONST CAP_PROP_OPENNI_APPROX_FRAME_SYNC=105, CONST CAP_PROP_OPENNI_MAX_BUFFER_SIZE=106, CONST CAP_PROP_OPENNI_CIRCLE_BUFFER=107, CONST CAP_PROP_OPENNI_MAX_TIME_DURATION=108, CONST CAP_PROP_OPENNI_GENERATOR_PRESENT=109, CONST CAP_PROP_OPENNI2_SYNC=110, CONST CAP_PROP_OPENNI2_MIRROR=111, CONST CAP_OPENNI_IMAGE_GENERATOR_PRESENT=CAP_OPENNI_IMAGE_GENERATOR + CAP_PROP_OPENNI_GENERATOR_PRESENT, CONST CAP_OPENNI_IMAGE_GENERATOR_OUTPUT_MODE=CAP_OPENNI_IMAGE_GENERATOR + CAP_PROP_OPENNI_OUTPUT_MODE, CONST CAP_OPENNI_DEPTH_GENERATOR_BASELINE=CAP_OPENNI_DEPTH_GENERATOR + CAP_PROP_OPENNI_BASELINE, CONST CAP_OPENNI_DEPTH_GENERATOR_FOCAL_LENGTH=CAP_OPENNI_DEPTH_GENERATOR + CAP_PROP_OPENNI_FOCAL_LENGTH, CONST CAP_OPENNI_DEPTH_GENERATOR_REGISTRATION=CAP_OPENNI_DEPTH_GENERATOR + CAP_PROP_OPENNI_REGISTRATION, CONST CAP_OPENNI_DEPTH_GENERATOR_REGISTRATION_ON=CAP_OPENNI_DEPTH_GENERATOR_REGISTRATION, CONST CAP_OPENNI_DEPTH_MAP=0, CONST CAP_OPENNI_POINT_CLOUD_MAP=1, CONST CAP_OPENNI_DISPARITY_MAP=2, CONST CAP_OPENNI_DISPARITY_MAP_32F=3, CONST CAP_OPENNI_VALID_DEPTH_MASK=4, CONST CAP_OPENNI_BGR_IMAGE=5, CONST CAP_OPENNI_GRAY_IMAGE=6, CONST CAP_OPENNI_VGA_30HZ=0, CONST CAP_OPENNI_SXGA_15HZ=1, CONST CAP_OPENNI_SXGA_30HZ=2, CONST CAP_OPENNI_QVGA_30HZ=3, CONST CAP_OPENNI_QVGA_60HZ=4, CONST CAP_PROP_GSTREAMER_QUEUE_LENGTH=200, CONST CAP_PROP_PVAPI_MULTICASTIP=300, CONST CAP_PROP_PVAPI_FRAMESTARTTRIGGERMODE=301, CONST CAP_PROP_PVAPI_DECIMATIONHORIZONTAL=302, CONST CAP_PROP_PVAPI_DECIMATIONVERTICAL=303, CONST CAP_PROP_PVAPI_BINNINGX=304, CONST CAP_PROP_PVAPI_BINNINGY=305, CONST CAP_PROP_PVAPI_PIXELFORMAT=306, CONST CAP_PVAPI_FSTRIGMODE_FREERUN=0, CONST CAP_PVAPI_FSTRIGMODE_SYNCIN1=1, CONST CAP_PVAPI_FSTRIGMODE_SYNCIN2=2, CONST CAP_PVAPI_FSTRIGMODE_FIXEDRATE=3, CONST CAP_PVAPI_FSTRIGMODE_SOFTWARE=4, CONST CAP_PVAPI_DECIMATION_OFF=1, CONST CAP_PVAPI_DECIMATION_2OUTOF4=2, CONST CAP_PVAPI_DECIMATION_2OUTOF8=4, CONST CAP_PVAPI_DECIMATION_2OUTOF16=8, CONST CAP_PVAPI_PIXELFORMAT_MONO8=1, CONST CAP_PVAPI_PIXELFORMAT_MONO16=2, CONST CAP_PVAPI_PIXELFORMAT_BAYER8=3, CONST CAP_PVAPI_PIXELFORMAT_BAYER16=4, CONST CAP_PVAPI_PIXELFORMAT_RGB24=5, CONST CAP_PVAPI_PIXELFORMAT_BGR24=6, CONST CAP_PVAPI_PIXELFORMAT_RGBA32=7, CONST CAP_PVAPI_PIXELFORMAT_BGRA32=8, CONST CAP_PROP_XI_DOWNSAMPLING=400, CONST CAP_PROP_XI_DATA_FORMAT=401, CONST CAP_PROP_XI_OFFSET_X=402, CONST CAP_PROP_XI_OFFSET_Y=403, CONST CAP_PROP_XI_TRG_SOURCE=404, CONST CAP_PROP_XI_TRG_SOFTWARE=405, CONST CAP_PROP_XI_GPI_SELECTOR=406, CONST CAP_PROP_XI_GPI_MODE=407, CONST CAP_PROP_XI_GPI_LEVEL=408, CONST CAP_PROP_XI_GPO_SELECTOR=409, CONST CAP_PROP_XI_GPO_MODE=410, CONST CAP_PROP_XI_LED_SELECTOR=411, CONST CAP_PROP_XI_LED_MODE=412, CONST CAP_PROP_XI_MANUAL_WB=413, CONST CAP_PROP_XI_AUTO_WB=414, CONST CAP_PROP_XI_AEAG=415, CONST CAP_PROP_XI_EXP_PRIORITY=416, CONST CAP_PROP_XI_AE_MAX_LIMIT=417, CONST CAP_PROP_XI_AG_MAX_LIMIT=418, CONST CAP_PROP_XI_AEAG_LEVEL=419, CONST CAP_PROP_XI_TIMEOUT=420, CONST CAP_PROP_IOS_DEVICE_FOCUS=9001, CONST CAP_PROP_IOS_DEVICE_EXPOSURE=9002, CONST CAP_PROP_IOS_DEVICE_FLASH=9003, CONST CAP_PROP_IOS_DEVICE_WHITEBALANCE=9004, CONST CAP_PROP_IOS_DEVICE_TORCH=9005, CONST CAP_PROP_GIGA_FRAME_OFFSET_X=10001, CONST CAP_PROP_GIGA_FRAME_OFFSET_Y=10002, CONST CAP_PROP_GIGA_FRAME_WIDTH_MAX=10003, CONST CAP_PROP_GIGA_FRAME_HEIGH_MAX=10004, CONST CAP_PROP_GIGA_FRAME_SENS_WIDTH=10005, CONST CAP_PROP_GIGA_FRAME_SENS_HEIGH=10006, CONST CAP_PROP_INTELPERC_PROFILE_COUNT=11001, CONST CAP_PROP_INTELPERC_PROFILE_IDX=11002, CONST CAP_PROP_INTELPERC_DEPTH_LOW_CONFIDENCE_VALUE=11003, CONST CAP_PROP_INTELPERC_DEPTH_SATURATION_VALUE=11004, CONST CAP_PROP_INTELPERC_DEPTH_CONFIDENCE_THRESHOLD=11005, CONST CAP_PROP_INTELPERC_DEPTH_FOCAL_LENGTH_HORZ=11006, CONST CAP_PROP_INTELPERC_DEPTH_FOCAL_LENGTH_VERT=11007, CONST CAP_INTELPERC_DEPTH_GENERATOR=1 << 29, CONST CAP_INTELPERC_IMAGE_GENERATOR=1 << 28, CONST CAP_INTELPERC_GENERATORS_MASK=CAP_INTELPERC_DEPTH_GENERATOR + CAP_INTELPERC_IMAGE_GENERATOR, CONST CAP_INTELPERC_DEPTH_MAP=0, CONST CAP_INTELPERC_UVDEPTH_MAP=1, CONST CAP_INTELPERC_IR_MAP=2, CONST CAP_INTELPERC_IMAGE=3, CONST VIDEOWRITER_PROP_QUALITY=1, CONST VIDEOWRITER_PROP_FRAMEBYTES=2, CONST CAP_PROP_GPHOTO2_PREVIEW=17001, CONST CAP_PROP_GPHOTO2_WIDGET_ENUMERATE=17002, CONST CAP_PROP_GPHOTO2_RELOAD_CONFIG=17003, CONST CAP_PROP_GPHOTO2_RELOAD_ON_CHANGE=17004, CONST CAP_PROP_GPHOTO2_COLLECT_MSGS=17005, CONST CAP_PROP_GPHOTO2_FLUSH_MSGS=17006, CONST CAP_PROP_SPEED=17007, CONST CAP_PROP_APERTURE=17008, CONST CAP_PROP_EXPOSUREPROGRAM=17009, CONST CAP_PROP_VIEWFINDER=17010]
CLASS cv..VideoCapture : 
FUNC < cv.VideoCapture.VideoCapture []>
FUNC < cv.VideoCapture.VideoCapture [ARG String filename=]>
FUNC < cv.VideoCapture.VideoCapture [ARG int device=]>
FUNC <bool cv.VideoCapture.open [ARG String filename=]>
FUNC <bool cv.VideoCapture.open [ARG int device=]>
FUNC <bool cv.VideoCapture.isOpened []>
FUNC <void cv.VideoCapture.release []>
FUNC <bool cv.VideoCapture.grab []>
FUNC <bool cv.VideoCapture.retrieve [ARG Mat image=, ARG int flag=0]>
FUNC <bool cv.VideoCapture.read [ARG Mat image=]>
FUNC <bool cv.VideoCapture.set [ARG int propId=, ARG double value=]>
FUNC <double cv.VideoCapture.get [ARG int propId=]>
